2019-06-27 11:40:04,332 INFO org.springframework.boot.StartupInfoLogger [main] Starting MegaTravelPkiApplication on Milan with PID 2100 (C:\Users\lazic\Documents\GitHub\BSEP_XML\backend\MegaTravelPKI\target\classes started by Milan in C:\Users\lazic\Documents\GitHub\BSEP_XML\backend\MegaTravelPKI)
2019-06-27 11:40:04,335 DEBUG org.springframework.boot.StartupInfoLogger [main] Running with Spring Boot v2.1.3.RELEASE, Spring v5.1.5.RELEASE
2019-06-27 11:40:04,336 INFO org.springframework.boot.SpringApplication [main] No active profile set, falling back to default profiles: default
2019-06-27 11:40:05,637 DEBUG org.springframework.boot.web.servlet.server.DocumentRoot [main] Code archive: C:\Users\lazic\.m2\repository\org\springframework\boot\spring-boot\2.1.3.RELEASE\spring-boot-2.1.3.RELEASE.jar
2019-06-27 11:40:05,637 DEBUG org.springframework.boot.web.servlet.server.DocumentRoot [main] Code archive: C:\Users\lazic\.m2\repository\org\springframework\boot\spring-boot\2.1.3.RELEASE\spring-boot-2.1.3.RELEASE.jar
2019-06-27 11:40:05,638 DEBUG org.springframework.boot.web.servlet.server.DocumentRoot [main] None of the document roots [src/main/webapp, public, static] point to a directory and will be ignored.
2019-06-27 11:40:05,837 DEBUG org.springframework.web.filter.GenericFilterBean [main] Filter 'CORS Filter' configured for use
2019-06-27 11:40:07,107 INFO com.xmlbesp.MegaTravelPKI.service.Logging [main] KS_INIT
2019-06-27 11:40:07,138 INFO com.xmlbesp.MegaTravelPKI.service.Logging [main] KS_INIT_NEW
2019-06-27 11:40:07,139 INFO com.xmlbesp.MegaTravelPKI.service.Logging [main] SS_CERT_CREATE
2019-06-27 11:40:07,197 INFO com.xmlbesp.MegaTravelPKI.service.Logging [main] KP_GEN
2019-06-27 11:40:07,198 INFO com.xmlbesp.MegaTravelPKI.service.Logging [main] KP_GEN_SUCCESS
2019-06-27 11:40:07,619 INFO com.xmlbesp.MegaTravelPKI.service.Logging [main] SD_ROOT_GEN
2019-06-27 11:40:07,619 INFO com.xmlbesp.MegaTravelPKI.service.Logging [main] KP_GEN
2019-06-27 11:40:07,619 INFO com.xmlbesp.MegaTravelPKI.service.Logging [main] KP_GEN_SUCCESS
2019-06-27 11:40:08,413 INFO com.xmlbesp.MegaTravelPKI.service.Logging [main] SD_ROOT_GEN_SUCCESS
2019-06-27 11:40:08,414 INFO com.xmlbesp.MegaTravelPKI.service.Logging [main] ID_ROOT_GEN
2019-06-27 11:40:08,415 INFO com.xmlbesp.MegaTravelPKI.service.Logging [main] ID_ROOT_GEN_SUCCESS
2019-06-27 11:40:08,698 INFO com.xmlbesp.MegaTravelPKI.service.Logging [main] SS_CERT_CREATE_SUCCESS
2019-06-27 11:40:08,785 INFO com.xmlbesp.MegaTravelPKI.service.Logging [main] KS_INIT_SUCCESS.
2019-06-27 11:40:09,396 INFO org.springframework.boot.StartupInfoLogger [main] Started MegaTravelPkiApplication in 5.525 seconds (JVM running for 6.33)
2019-06-27 11:52:00,030 INFO com.xmlbesp.MegaTravelPKI.service.Logging [https-jsse-nio-8443-exec-2] CERT_VAL
2019-06-27 11:52:00,201 INFO com.xmlbesp.MegaTravelPKI.service.Logging [https-jsse-nio-8443-exec-2] CERT_VAL_SUCCESS
2019-06-27 11:52:38,097 INFO com.xmlbesp.MegaTravelPKI.service.Logging [https-jsse-nio-8443-exec-3] SS_CERT_GET
2019-06-27 11:52:38,107 INFO com.xmlbesp.MegaTravelPKI.service.Logging [https-jsse-nio-8443-exec-3] SS_CERT_GET_SUCCESS
2019-06-27 12:34:42,978 INFO org.springframework.boot.StartupInfoLogger [main] Starting MegaTravelPkiApplication on Milan with PID 3616 (C:\Users\lazic\Documents\GitHub\BSEP_XML\backend\MegaTravelPKI\target\classes started by Milan in C:\Users\lazic\Documents\GitHub\BSEP_XML\backend\MegaTravelPKI)
2019-06-27 12:34:42,982 DEBUG org.springframework.boot.StartupInfoLogger [main] Running with Spring Boot v2.1.3.RELEASE, Spring v5.1.5.RELEASE
2019-06-27 12:34:42,983 INFO org.springframework.boot.SpringApplication [main] No active profile set, falling back to default profiles: default
2019-06-27 12:34:44,608 DEBUG org.springframework.boot.web.servlet.server.DocumentRoot [main] Code archive: C:\Users\lazic\.m2\repository\org\springframework\boot\spring-boot\2.1.3.RELEASE\spring-boot-2.1.3.RELEASE.jar
2019-06-27 12:34:44,609 DEBUG org.springframework.boot.web.servlet.server.DocumentRoot [main] Code archive: C:\Users\lazic\.m2\repository\org\springframework\boot\spring-boot\2.1.3.RELEASE\spring-boot-2.1.3.RELEASE.jar
2019-06-27 12:34:44,610 DEBUG org.springframework.boot.web.servlet.server.DocumentRoot [main] None of the document roots [src/main/webapp, public, static] point to a directory and will be ignored.
2019-06-27 12:34:44,904 DEBUG org.springframework.web.filter.GenericFilterBean [main] Filter 'CORS Filter' configured for use
2019-06-27 12:34:47,108 INFO com.xmlbesp.MegaTravelPKI.service.Logging [main] KS_INIT
2019-06-27 12:34:47,162 INFO com.xmlbesp.MegaTravelPKI.service.Logging [main] KS_INIT_NEW
2019-06-27 12:34:47,163 INFO com.xmlbesp.MegaTravelPKI.service.Logging [main] SS_CERT_CREATE
2019-06-27 12:34:47,273 INFO com.xmlbesp.MegaTravelPKI.service.Logging [main] KP_GEN
2019-06-27 12:34:47,275 INFO com.xmlbesp.MegaTravelPKI.service.Logging [main] KP_GEN_SUCCESS
2019-06-27 12:34:48,505 INFO com.xmlbesp.MegaTravelPKI.service.Logging [main] SD_ROOT_GEN
2019-06-27 12:34:48,506 INFO com.xmlbesp.MegaTravelPKI.service.Logging [main] KP_GEN
2019-06-27 12:34:48,507 INFO com.xmlbesp.MegaTravelPKI.service.Logging [main] KP_GEN_SUCCESS
2019-06-27 12:34:49,044 INFO com.xmlbesp.MegaTravelPKI.service.Logging [main] SD_ROOT_GEN_SUCCESS
2019-06-27 12:34:49,046 INFO com.xmlbesp.MegaTravelPKI.service.Logging [main] ID_ROOT_GEN
2019-06-27 12:34:49,046 INFO com.xmlbesp.MegaTravelPKI.service.Logging [main] ID_ROOT_GEN_SUCCESS
2019-06-27 12:34:49,598 INFO com.xmlbesp.MegaTravelPKI.service.Logging [main] SS_CERT_CREATE_SUCCESS
2019-06-27 12:34:49,765 INFO com.xmlbesp.MegaTravelPKI.service.Logging [main] KS_INIT_SUCCESS.
2019-06-27 12:34:50,866 INFO org.springframework.boot.StartupInfoLogger [main] Started MegaTravelPkiApplication in 8.505 seconds (JVM running for 9.534)
2019-06-27 12:35:46,194 INFO com.xmlbesp.MegaTravelPKI.service.Logging [https-jsse-nio-8443-exec-5] IS_GEN
2019-06-27 12:35:46,236 INFO com.xmlbesp.MegaTravelPKI.service.Logging [https-jsse-nio-8443-exec-5] ID_GET_KS
2019-06-27 12:35:46,525 INFO com.xmlbesp.MegaTravelPKI.service.Logging [https-jsse-nio-8443-exec-5] ID_GET_KS_SUCCESS
2019-06-27 12:35:46,526 INFO com.xmlbesp.MegaTravelPKI.service.Logging [https-jsse-nio-8443-exec-5] SD_GEN
2019-06-27 12:35:46,527 INFO com.xmlbesp.MegaTravelPKI.service.Logging [https-jsse-nio-8443-exec-5] KP_GEN
2019-06-27 12:35:46,528 INFO com.xmlbesp.MegaTravelPKI.service.Logging [https-jsse-nio-8443-exec-5] KP_GEN_SUCCESS
2019-06-27 12:35:48,266 INFO com.xmlbesp.MegaTravelPKI.service.Logging [https-jsse-nio-8443-exec-5] SD_GEN_SUCCESS
2019-06-27 12:35:48,585 INFO com.xmlbesp.MegaTravelPKI.service.Logging [https-jsse-nio-8443-exec-5] IS_GEN_SUCCESS
2019-06-27 12:49:01,258 INFO com.xmlbesp.MegaTravelPKI.service.Logging [https-jsse-nio-8443-exec-3] IS_GEN
2019-06-27 12:49:01,266 INFO com.xmlbesp.MegaTravelPKI.service.Logging [https-jsse-nio-8443-exec-3] ID_GET_KS
2019-06-27 12:49:01,409 INFO com.xmlbesp.MegaTravelPKI.service.Logging [https-jsse-nio-8443-exec-3] ID_GET_KS_SUCCESS
2019-06-27 12:49:01,410 INFO com.xmlbesp.MegaTravelPKI.service.Logging [https-jsse-nio-8443-exec-3] SD_GEN
2019-06-27 12:49:01,410 INFO com.xmlbesp.MegaTravelPKI.service.Logging [https-jsse-nio-8443-exec-3] KP_GEN
2019-06-27 12:49:01,411 INFO com.xmlbesp.MegaTravelPKI.service.Logging [https-jsse-nio-8443-exec-3] KP_GEN_SUCCESS
2019-06-27 12:49:01,916 INFO com.xmlbesp.MegaTravelPKI.service.Logging [https-jsse-nio-8443-exec-3] SD_GEN_SUCCESS
2019-06-27 12:49:02,072 INFO com.xmlbesp.MegaTravelPKI.service.Logging [https-jsse-nio-8443-exec-3] IS_GEN_SUCCESS
2019-06-27 13:15:24,600 INFO com.xmlbesp.MegaTravelPKI.service.Logging [https-jsse-nio-8443-exec-1] IS_GEN
2019-06-27 13:15:24,611 INFO com.xmlbesp.MegaTravelPKI.service.Logging [https-jsse-nio-8443-exec-1] ID_GET_KS
2019-06-27 13:15:24,759 INFO com.xmlbesp.MegaTravelPKI.service.Logging [https-jsse-nio-8443-exec-1] ID_GET_KS_SUCCESS
2019-06-27 13:15:24,760 INFO com.xmlbesp.MegaTravelPKI.service.Logging [https-jsse-nio-8443-exec-1] SD_GEN
2019-06-27 13:15:24,760 INFO com.xmlbesp.MegaTravelPKI.service.Logging [https-jsse-nio-8443-exec-1] KP_GEN
2019-06-27 13:15:24,761 INFO com.xmlbesp.MegaTravelPKI.service.Logging [https-jsse-nio-8443-exec-1] KP_GEN_SUCCESS
2019-06-27 13:15:25,385 INFO com.xmlbesp.MegaTravelPKI.service.Logging [https-jsse-nio-8443-exec-1] SD_GEN_SUCCESS
2019-06-27 13:15:25,557 INFO com.xmlbesp.MegaTravelPKI.service.Logging [https-jsse-nio-8443-exec-1] IS_GEN_SUCCESS
2019-06-27 13:16:15,877 INFO com.xmlbesp.MegaTravelPKI.service.Logging [https-jsse-nio-8443-exec-2] IS_GEN
2019-06-27 13:16:15,886 INFO com.xmlbesp.MegaTravelPKI.service.Logging [https-jsse-nio-8443-exec-2] ID_GET_KS
2019-06-27 13:16:16,046 INFO com.xmlbesp.MegaTravelPKI.service.Logging [https-jsse-nio-8443-exec-2] ID_GET_KS_SUCCESS
2019-06-27 13:16:16,047 INFO com.xmlbesp.MegaTravelPKI.service.Logging [https-jsse-nio-8443-exec-2] SD_GEN
2019-06-27 13:16:16,047 INFO com.xmlbesp.MegaTravelPKI.service.Logging [https-jsse-nio-8443-exec-2] KP_GEN
2019-06-27 13:16:16,047 INFO com.xmlbesp.MegaTravelPKI.service.Logging [https-jsse-nio-8443-exec-2] KP_GEN_SUCCESS
2019-06-27 13:16:16,627 INFO com.xmlbesp.MegaTravelPKI.service.Logging [https-jsse-nio-8443-exec-2] SD_GEN_SUCCESS
2019-06-27 13:16:16,793 INFO com.xmlbesp.MegaTravelPKI.service.Logging [https-jsse-nio-8443-exec-2] IS_GEN_SUCCESS
2019-06-27 13:16:58,843 INFO com.xmlbesp.MegaTravelPKI.service.Logging [https-jsse-nio-8443-exec-3] IS_GEN
2019-06-27 13:16:58,852 INFO com.xmlbesp.MegaTravelPKI.service.Logging [https-jsse-nio-8443-exec-3] ID_GET_KS
2019-06-27 13:16:59,002 INFO com.xmlbesp.MegaTravelPKI.service.Logging [https-jsse-nio-8443-exec-3] ID_GET_KS_SUCCESS
2019-06-27 13:16:59,003 INFO com.xmlbesp.MegaTravelPKI.service.Logging [https-jsse-nio-8443-exec-3] SD_GEN
2019-06-27 13:16:59,003 INFO com.xmlbesp.MegaTravelPKI.service.Logging [https-jsse-nio-8443-exec-3] KP_GEN
2019-06-27 13:16:59,004 INFO com.xmlbesp.MegaTravelPKI.service.Logging [https-jsse-nio-8443-exec-3] KP_GEN_SUCCESS
2019-06-27 13:16:59,268 INFO com.xmlbesp.MegaTravelPKI.service.Logging [https-jsse-nio-8443-exec-3] SD_GEN_SUCCESS
2019-06-27 13:16:59,432 INFO com.xmlbesp.MegaTravelPKI.service.Logging [https-jsse-nio-8443-exec-3] IS_GEN_SUCCESS
2019-06-27 13:20:46,016 INFO com.xmlbesp.MegaTravelPKI.service.Logging [https-jsse-nio-8443-exec-10] IS_GEN
2019-06-27 13:20:46,023 INFO com.xmlbesp.MegaTravelPKI.service.Logging [https-jsse-nio-8443-exec-10] ID_GET_KS
2019-06-27 13:20:46,170 INFO com.xmlbesp.MegaTravelPKI.service.Logging [https-jsse-nio-8443-exec-10] ID_GET_KS_SUCCESS
2019-06-27 13:20:46,171 INFO com.xmlbesp.MegaTravelPKI.service.Logging [https-jsse-nio-8443-exec-10] SD_GEN
2019-06-27 13:20:46,171 INFO com.xmlbesp.MegaTravelPKI.service.Logging [https-jsse-nio-8443-exec-10] KP_GEN
2019-06-27 13:20:46,172 INFO com.xmlbesp.MegaTravelPKI.service.Logging [https-jsse-nio-8443-exec-10] KP_GEN_SUCCESS
2019-06-27 13:20:47,405 INFO com.xmlbesp.MegaTravelPKI.service.Logging [https-jsse-nio-8443-exec-10] SD_GEN_SUCCESS
2019-06-27 13:20:47,570 INFO com.xmlbesp.MegaTravelPKI.service.Logging [https-jsse-nio-8443-exec-10] IS_GEN_SUCCESS
2019-06-27 13:21:49,954 INFO com.xmlbesp.MegaTravelPKI.service.Logging [https-jsse-nio-8443-exec-6] IS_GEN
2019-06-27 13:21:49,962 INFO com.xmlbesp.MegaTravelPKI.service.Logging [https-jsse-nio-8443-exec-6] ID_GET_KS
2019-06-27 13:21:50,109 INFO com.xmlbesp.MegaTravelPKI.service.Logging [https-jsse-nio-8443-exec-6] ID_GET_KS_SUCCESS
2019-06-27 13:21:50,110 INFO com.xmlbesp.MegaTravelPKI.service.Logging [https-jsse-nio-8443-exec-6] SD_GEN
2019-06-27 13:21:50,110 INFO com.xmlbesp.MegaTravelPKI.service.Logging [https-jsse-nio-8443-exec-6] KP_GEN
2019-06-27 13:21:50,111 INFO com.xmlbesp.MegaTravelPKI.service.Logging [https-jsse-nio-8443-exec-6] KP_GEN_SUCCESS
2019-06-27 13:21:50,469 INFO com.xmlbesp.MegaTravelPKI.service.Logging [https-jsse-nio-8443-exec-6] SD_GEN_SUCCESS
2019-06-27 13:21:50,626 INFO com.xmlbesp.MegaTravelPKI.service.Logging [https-jsse-nio-8443-exec-6] IS_GEN_SUCCESS
2019-06-27 13:23:29,498 INFO com.xmlbesp.MegaTravelPKI.service.Logging [https-jsse-nio-8443-exec-4] IS_GEN
2019-06-27 13:23:29,505 INFO com.xmlbesp.MegaTravelPKI.service.Logging [https-jsse-nio-8443-exec-4] ID_GET_KS
2019-06-27 13:23:29,656 INFO com.xmlbesp.MegaTravelPKI.service.Logging [https-jsse-nio-8443-exec-4] ID_GET_KS_SUCCESS
2019-06-27 13:23:29,657 INFO com.xmlbesp.MegaTravelPKI.service.Logging [https-jsse-nio-8443-exec-4] SD_GEN
2019-06-27 13:23:29,657 INFO com.xmlbesp.MegaTravelPKI.service.Logging [https-jsse-nio-8443-exec-4] KP_GEN
2019-06-27 13:23:29,657 INFO com.xmlbesp.MegaTravelPKI.service.Logging [https-jsse-nio-8443-exec-4] KP_GEN_SUCCESS
2019-06-27 13:23:30,613 INFO com.xmlbesp.MegaTravelPKI.service.Logging [https-jsse-nio-8443-exec-4] SD_GEN_SUCCESS
2019-06-27 13:23:30,782 INFO com.xmlbesp.MegaTravelPKI.service.Logging [https-jsse-nio-8443-exec-4] IS_GEN_SUCCESS
2019-06-27 13:32:25,085 INFO com.xmlbesp.MegaTravelPKI.service.Logging [https-jsse-nio-8443-exec-1] IS_GEN
2019-06-27 13:32:25,093 INFO com.xmlbesp.MegaTravelPKI.service.Logging [https-jsse-nio-8443-exec-1] ID_GET_KS
2019-06-27 13:32:25,243 INFO com.xmlbesp.MegaTravelPKI.service.Logging [https-jsse-nio-8443-exec-1] ID_GET_KS_SUCCESS
2019-06-27 13:32:25,244 INFO com.xmlbesp.MegaTravelPKI.service.Logging [https-jsse-nio-8443-exec-1] SD_GEN
2019-06-27 13:32:25,244 INFO com.xmlbesp.MegaTravelPKI.service.Logging [https-jsse-nio-8443-exec-1] KP_GEN
2019-06-27 13:32:25,244 INFO com.xmlbesp.MegaTravelPKI.service.Logging [https-jsse-nio-8443-exec-1] KP_GEN_SUCCESS
2019-06-27 13:32:25,721 INFO com.xmlbesp.MegaTravelPKI.service.Logging [https-jsse-nio-8443-exec-1] SD_GEN_SUCCESS
2019-06-27 13:32:25,880 INFO com.xmlbesp.MegaTravelPKI.service.Logging [https-jsse-nio-8443-exec-1] IS_GEN_SUCCESS
2019-06-27 15:38:52,524 INFO org.springframework.boot.StartupInfoLogger [main] Starting MegaTravelPkiApplication on Milan with PID 17100 (C:\Users\lazic\Documents\GitHub\BSEP_XML\backend\MegaTravelPKI\target\classes started by Milan in C:\Users\lazic\Documents\GitHub\BSEP_XML\backend\MegaTravelPKI)
2019-06-27 15:38:52,526 DEBUG org.springframework.boot.StartupInfoLogger [main] Running with Spring Boot v2.1.3.RELEASE, Spring v5.1.5.RELEASE
2019-06-27 15:38:52,527 INFO org.springframework.boot.SpringApplication [main] No active profile set, falling back to default profiles: default
2019-06-27 15:38:53,398 DEBUG org.springframework.boot.web.servlet.server.DocumentRoot [main] Code archive: C:\Users\lazic\.m2\repository\org\springframework\boot\spring-boot\2.1.3.RELEASE\spring-boot-2.1.3.RELEASE.jar
2019-06-27 15:38:53,398 DEBUG org.springframework.boot.web.servlet.server.DocumentRoot [main] Code archive: C:\Users\lazic\.m2\repository\org\springframework\boot\spring-boot\2.1.3.RELEASE\spring-boot-2.1.3.RELEASE.jar
2019-06-27 15:38:53,413 DEBUG org.springframework.boot.web.servlet.server.DocumentRoot [main] None of the document roots [src/main/webapp, public, static] point to a directory and will be ignored.
2019-06-27 15:38:53,571 DEBUG org.springframework.web.filter.GenericFilterBean [main] Filter 'CORS Filter' configured for use
2019-06-27 15:38:54,747 INFO com.xmlbesp.MegaTravelPKI.service.Logging [main] KS_INIT
2019-06-27 15:38:54,778 INFO com.xmlbesp.MegaTravelPKI.service.Logging [main] KS_INIT_EXISTING
2019-06-27 15:38:54,778 INFO com.xmlbesp.MegaTravelPKI.service.Logging [main] KS_INIT_SUCCESS.
2019-06-27 15:40:00,342 INFO org.springframework.boot.StartupInfoLogger [main] Starting MegaTravelPkiApplication on Milan with PID 14320 (C:\Users\lazic\Documents\GitHub\BSEP_XML\backend\MegaTravelPKI\target\classes started by Milan in C:\Users\lazic\Documents\GitHub\BSEP_XML\backend\MegaTravelPKI)
2019-06-27 15:40:00,342 DEBUG org.springframework.boot.StartupInfoLogger [main] Running with Spring Boot v2.1.3.RELEASE, Spring v5.1.5.RELEASE
2019-06-27 15:40:00,342 INFO org.springframework.boot.SpringApplication [main] No active profile set, falling back to default profiles: default
2019-06-27 15:40:01,263 DEBUG org.springframework.boot.web.servlet.server.DocumentRoot [main] Code archive: C:\Users\lazic\.m2\repository\org\springframework\boot\spring-boot\2.1.3.RELEASE\spring-boot-2.1.3.RELEASE.jar
2019-06-27 15:40:01,263 DEBUG org.springframework.boot.web.servlet.server.DocumentRoot [main] Code archive: C:\Users\lazic\.m2\repository\org\springframework\boot\spring-boot\2.1.3.RELEASE\spring-boot-2.1.3.RELEASE.jar
2019-06-27 15:40:01,263 DEBUG org.springframework.boot.web.servlet.server.DocumentRoot [main] None of the document roots [src/main/webapp, public, static] point to a directory and will be ignored.
2019-06-27 15:40:01,419 DEBUG org.springframework.web.filter.GenericFilterBean [main] Filter 'CORS Filter' configured for use
2019-06-27 15:40:02,648 INFO com.xmlbesp.MegaTravelPKI.service.Logging [main] KS_INIT
2019-06-27 15:40:02,669 INFO com.xmlbesp.MegaTravelPKI.service.Logging [main] KS_INIT_EXISTING
2019-06-27 15:40:02,669 INFO com.xmlbesp.MegaTravelPKI.service.Logging [main] KS_INIT_SUCCESS.
2019-06-27 15:40:56,809 INFO org.springframework.boot.StartupInfoLogger [main] Starting MegaTravelPkiApplication on Milan with PID 15064 (C:\Users\lazic\Documents\GitHub\BSEP_XML\backend\MegaTravelPKI\target\classes started by Milan in C:\Users\lazic\Documents\GitHub\BSEP_XML\backend\MegaTravelPKI)
2019-06-27 15:40:56,825 DEBUG org.springframework.boot.StartupInfoLogger [main] Running with Spring Boot v2.1.3.RELEASE, Spring v5.1.5.RELEASE
2019-06-27 15:40:56,825 INFO org.springframework.boot.SpringApplication [main] No active profile set, falling back to default profiles: default
2019-06-27 15:40:57,700 DEBUG org.springframework.boot.web.servlet.server.DocumentRoot [main] Code archive: C:\Users\lazic\.m2\repository\org\springframework\boot\spring-boot\2.1.3.RELEASE\spring-boot-2.1.3.RELEASE.jar
2019-06-27 15:40:57,700 DEBUG org.springframework.boot.web.servlet.server.DocumentRoot [main] Code archive: C:\Users\lazic\.m2\repository\org\springframework\boot\spring-boot\2.1.3.RELEASE\spring-boot-2.1.3.RELEASE.jar
2019-06-27 15:40:57,700 DEBUG org.springframework.boot.web.servlet.server.DocumentRoot [main] None of the document roots [src/main/webapp, public, static] point to a directory and will be ignored.
2019-06-27 15:40:57,856 DEBUG org.springframework.web.filter.GenericFilterBean [main] Filter 'CORS Filter' configured for use
2019-06-27 15:40:59,038 INFO com.xmlbesp.MegaTravelPKI.service.Logging [main] KS_INIT
2019-06-27 15:40:59,068 INFO com.xmlbesp.MegaTravelPKI.service.Logging [main] KS_INIT_EXISTING
2019-06-27 15:40:59,069 INFO com.xmlbesp.MegaTravelPKI.service.Logging [main] KS_INIT_SUCCESS.
2019-06-27 15:40:59,515 INFO org.springframework.boot.StartupInfoLogger [main] Started MegaTravelPkiApplication in 2.991 seconds (JVM running for 3.473)
2019-06-27 15:41:27,952 INFO org.springframework.boot.StartupInfoLogger [main] Starting MegaTravelPkiApplication on Milan with PID 14288 (C:\Users\lazic\Documents\GitHub\BSEP_XML\backend\MegaTravelPKI\target\classes started by Milan in C:\Users\lazic\Documents\GitHub\BSEP_XML\backend\MegaTravelPKI)
2019-06-27 15:41:27,952 DEBUG org.springframework.boot.StartupInfoLogger [main] Running with Spring Boot v2.1.3.RELEASE, Spring v5.1.5.RELEASE
2019-06-27 15:41:27,952 INFO org.springframework.boot.SpringApplication [main] No active profile set, falling back to default profiles: default
2019-06-27 15:41:28,841 DEBUG org.springframework.boot.web.servlet.server.DocumentRoot [main] Code archive: C:\Users\lazic\.m2\repository\org\springframework\boot\spring-boot\2.1.3.RELEASE\spring-boot-2.1.3.RELEASE.jar
2019-06-27 15:41:28,841 DEBUG org.springframework.boot.web.servlet.server.DocumentRoot [main] Code archive: C:\Users\lazic\.m2\repository\org\springframework\boot\spring-boot\2.1.3.RELEASE\spring-boot-2.1.3.RELEASE.jar
2019-06-27 15:41:28,841 DEBUG org.springframework.boot.web.servlet.server.DocumentRoot [main] None of the document roots [src/main/webapp, public, static] point to a directory and will be ignored.
2019-06-27 15:41:29,013 DEBUG org.springframework.web.filter.GenericFilterBean [main] Filter 'CORS Filter' configured for use
2019-06-27 15:41:30,262 INFO com.xmlbesp.MegaTravelPKI.service.Logging [main] KS_INIT
2019-06-27 15:41:30,262 INFO com.xmlbesp.MegaTravelPKI.service.Logging [main] KS_INIT_EXISTING
2019-06-27 15:41:30,278 INFO com.xmlbesp.MegaTravelPKI.service.Logging [main] KS_INIT_SUCCESS.
2019-06-27 15:41:30,747 INFO org.springframework.boot.StartupInfoLogger [main] Started MegaTravelPkiApplication in 3.087 seconds (JVM running for 3.582)
2019-06-27 15:42:01,514 INFO com.xmlbesp.MegaTravelPKI.service.Logging [https-jsse-nio-8443-exec-5] IS_GEN
2019-06-27 15:57:25,748 INFO org.springframework.boot.StartupInfoLogger [main] Starting MegaTravelPkiApplication on Milan with PID 1392 (C:\Users\lazic\Documents\GitHub\BSEP_XML\backend\MegaTravelPKI\target\classes started by Milan in C:\Users\lazic\Documents\GitHub\BSEP_XML\backend\MegaTravelPKI)
2019-06-27 15:57:25,748 DEBUG org.springframework.boot.StartupInfoLogger [main] Running with Spring Boot v2.1.3.RELEASE, Spring v5.1.5.RELEASE
2019-06-27 15:57:25,748 INFO org.springframework.boot.SpringApplication [main] No active profile set, falling back to default profiles: default
2019-06-27 15:57:26,643 DEBUG org.springframework.boot.web.servlet.server.DocumentRoot [main] Code archive: C:\Users\lazic\.m2\repository\org\springframework\boot\spring-boot\2.1.3.RELEASE\spring-boot-2.1.3.RELEASE.jar
2019-06-27 15:57:26,644 DEBUG org.springframework.boot.web.servlet.server.DocumentRoot [main] Code archive: C:\Users\lazic\.m2\repository\org\springframework\boot\spring-boot\2.1.3.RELEASE\spring-boot-2.1.3.RELEASE.jar
2019-06-27 15:57:26,644 DEBUG org.springframework.boot.web.servlet.server.DocumentRoot [main] None of the document roots [src/main/webapp, public, static] point to a directory and will be ignored.
2019-06-27 15:57:26,796 DEBUG org.springframework.web.filter.GenericFilterBean [main] Filter 'CORS Filter' configured for use
2019-06-27 15:57:28,119 INFO com.xmlbesp.MegaTravelPKI.service.Logging [main] KS_INIT
2019-06-27 15:57:28,121 INFO com.xmlbesp.MegaTravelPKI.service.Logging [main] KS_INIT_EXISTING
2019-06-27 15:57:28,187 INFO com.xmlbesp.MegaTravelPKI.service.Logging [main] KS_INIT_SUCCESS.
2019-06-27 15:57:28,669 INFO org.springframework.boot.StartupInfoLogger [main] Started MegaTravelPkiApplication in 3.218 seconds (JVM running for 3.694)
2019-06-27 15:57:53,526 INFO com.xmlbesp.MegaTravelPKI.service.Logging [https-jsse-nio-8443-exec-5] IS_GEN
2019-06-27 15:57:53,550 INFO com.xmlbesp.MegaTravelPKI.service.Logging [https-jsse-nio-8443-exec-5] ID_GET_KS
2019-06-27 15:57:53,552 ERROR com.xmlbesp.MegaTravelPKI.service.Logging [https-jsse-nio-8443-exec-5] ID_GET_KS_FAIL
2019-06-27 15:57:53,552 INFO com.xmlbesp.MegaTravelPKI.service.Logging [https-jsse-nio-8443-exec-5] SD_GEN
2019-06-27 15:57:53,552 INFO com.xmlbesp.MegaTravelPKI.service.Logging [https-jsse-nio-8443-exec-5] KP_GEN
2019-06-27 15:57:53,553 INFO com.xmlbesp.MegaTravelPKI.service.Logging [https-jsse-nio-8443-exec-5] KP_GEN_SUCCESS
2019-06-27 15:57:54,380 INFO com.xmlbesp.MegaTravelPKI.service.Logging [https-jsse-nio-8443-exec-5] SD_GEN_SUCCESS
2019-06-27 15:58:54,327 INFO org.springframework.boot.StartupInfoLogger [main] Starting MegaTravelPkiApplication on Milan with PID 12528 (C:\Users\lazic\Documents\GitHub\BSEP_XML\backend\MegaTravelPKI\target\classes started by Milan in C:\Users\lazic\Documents\GitHub\BSEP_XML\backend\MegaTravelPKI)
2019-06-27 15:58:54,327 DEBUG org.springframework.boot.StartupInfoLogger [main] Running with Spring Boot v2.1.3.RELEASE, Spring v5.1.5.RELEASE
2019-06-27 15:58:54,327 INFO org.springframework.boot.SpringApplication [main] No active profile set, falling back to default profiles: default
2019-06-27 15:58:55,310 DEBUG org.springframework.boot.web.servlet.server.DocumentRoot [main] Code archive: C:\Users\lazic\.m2\repository\org\springframework\boot\spring-boot\2.1.3.RELEASE\spring-boot-2.1.3.RELEASE.jar
2019-06-27 15:58:55,310 DEBUG org.springframework.boot.web.servlet.server.DocumentRoot [main] Code archive: C:\Users\lazic\.m2\repository\org\springframework\boot\spring-boot\2.1.3.RELEASE\spring-boot-2.1.3.RELEASE.jar
2019-06-27 15:58:55,310 DEBUG org.springframework.boot.web.servlet.server.DocumentRoot [main] None of the document roots [src/main/webapp, public, static] point to a directory and will be ignored.
2019-06-27 15:58:55,482 DEBUG org.springframework.web.filter.GenericFilterBean [main] Filter 'CORS Filter' configured for use
2019-06-27 15:58:56,951 INFO com.xmlbesp.MegaTravelPKI.service.Logging [main] KS_INIT
2019-06-27 15:58:56,951 INFO com.xmlbesp.MegaTravelPKI.service.Logging [main] KS_INIT_EXISTING
2019-06-27 15:58:57,050 INFO com.xmlbesp.MegaTravelPKI.service.Logging [main] KS_INIT_SUCCESS.
2019-06-27 15:58:57,556 INFO org.springframework.boot.StartupInfoLogger [main] Started MegaTravelPkiApplication in 3.541 seconds (JVM running for 4.558)
2019-06-27 16:06:59,222 INFO com.xmlbesp.MegaTravelPKI.service.Logging [https-jsse-nio-8443-exec-5] IS_GEN
2019-06-27 16:06:59,248 INFO com.xmlbesp.MegaTravelPKI.service.Logging [https-jsse-nio-8443-exec-5] ID_GET_KS
2019-06-27 16:06:59,250 ERROR com.xmlbesp.MegaTravelPKI.service.Logging [https-jsse-nio-8443-exec-5] ID_GET_KS_FAIL
2019-06-27 16:06:59,250 INFO com.xmlbesp.MegaTravelPKI.service.Logging [https-jsse-nio-8443-exec-5] SD_GEN
2019-06-27 16:06:59,250 INFO com.xmlbesp.MegaTravelPKI.service.Logging [https-jsse-nio-8443-exec-5] KP_GEN
2019-06-27 16:06:59,251 INFO com.xmlbesp.MegaTravelPKI.service.Logging [https-jsse-nio-8443-exec-5] KP_GEN_SUCCESS
2019-06-27 16:06:59,523 INFO com.xmlbesp.MegaTravelPKI.service.Logging [https-jsse-nio-8443-exec-5] SD_GEN_SUCCESS
2019-06-27 16:08:11,702 INFO org.springframework.boot.StartupInfoLogger [main] Starting MegaTravelPkiApplication on Milan with PID 7528 (C:\Users\lazic\Documents\GitHub\BSEP_XML\backend\MegaTravelPKI\target\classes started by Milan in C:\Users\lazic\Documents\GitHub\BSEP_XML\backend\MegaTravelPKI)
2019-06-27 16:08:11,702 DEBUG org.springframework.boot.StartupInfoLogger [main] Running with Spring Boot v2.1.3.RELEASE, Spring v5.1.5.RELEASE
2019-06-27 16:08:11,702 INFO org.springframework.boot.SpringApplication [main] No active profile set, falling back to default profiles: default
2019-06-27 16:08:12,670 DEBUG org.springframework.boot.web.servlet.server.DocumentRoot [main] Code archive: C:\Users\lazic\.m2\repository\org\springframework\boot\spring-boot\2.1.3.RELEASE\spring-boot-2.1.3.RELEASE.jar
2019-06-27 16:08:12,670 DEBUG org.springframework.boot.web.servlet.server.DocumentRoot [main] Code archive: C:\Users\lazic\.m2\repository\org\springframework\boot\spring-boot\2.1.3.RELEASE\spring-boot-2.1.3.RELEASE.jar
2019-06-27 16:08:12,670 DEBUG org.springframework.boot.web.servlet.server.DocumentRoot [main] None of the document roots [src/main/webapp, public, static] point to a directory and will be ignored.
2019-06-27 16:08:12,858 DEBUG org.springframework.web.filter.GenericFilterBean [main] Filter 'CORS Filter' configured for use
2019-06-27 16:08:14,404 INFO com.xmlbesp.MegaTravelPKI.service.Logging [main] KS_INIT
2019-06-27 16:08:14,404 INFO com.xmlbesp.MegaTravelPKI.service.Logging [main] KS_INIT_EXISTING
2019-06-27 16:08:14,482 INFO com.xmlbesp.MegaTravelPKI.service.Logging [main] KS_INIT_SUCCESS.
2019-06-27 16:08:15,013 INFO org.springframework.boot.StartupInfoLogger [main] Started MegaTravelPkiApplication in 3.64 seconds (JVM running for 4.223)
2019-06-27 16:08:22,178 INFO com.xmlbesp.MegaTravelPKI.service.Logging [https-jsse-nio-8443-exec-6] IS_GEN
2019-06-27 16:08:33,670 INFO com.xmlbesp.MegaTravelPKI.service.Logging [https-jsse-nio-8443-exec-6] ID_GET_KS
2019-06-27 16:08:33,670 ERROR com.xmlbesp.MegaTravelPKI.service.Logging [https-jsse-nio-8443-exec-6] ID_GET_KS_FAIL
2019-06-27 16:08:33,670 INFO com.xmlbesp.MegaTravelPKI.service.Logging [https-jsse-nio-8443-exec-6] SD_GEN
2019-06-27 16:08:33,670 INFO com.xmlbesp.MegaTravelPKI.service.Logging [https-jsse-nio-8443-exec-6] KP_GEN
2019-06-27 16:08:33,670 INFO com.xmlbesp.MegaTravelPKI.service.Logging [https-jsse-nio-8443-exec-6] KP_GEN_SUCCESS
2019-06-27 16:08:33,983 INFO com.xmlbesp.MegaTravelPKI.service.Logging [https-jsse-nio-8443-exec-6] SD_GEN_SUCCESS
2019-06-27 16:08:48,662 INFO org.springframework.boot.StartupInfoLogger [main] Starting MegaTravelPkiApplication on Milan with PID 12044 (C:\Users\lazic\Documents\GitHub\BSEP_XML\backend\MegaTravelPKI\target\classes started by Milan in C:\Users\lazic\Documents\GitHub\BSEP_XML\backend\MegaTravelPKI)
2019-06-27 16:08:48,664 DEBUG org.springframework.boot.StartupInfoLogger [main] Running with Spring Boot v2.1.3.RELEASE, Spring v5.1.5.RELEASE
2019-06-27 16:08:48,664 INFO org.springframework.boot.SpringApplication [main] No active profile set, falling back to default profiles: default
2019-06-27 16:08:49,630 DEBUG org.springframework.boot.web.servlet.server.DocumentRoot [main] Code archive: C:\Users\lazic\.m2\repository\org\springframework\boot\spring-boot\2.1.3.RELEASE\spring-boot-2.1.3.RELEASE.jar
2019-06-27 16:08:49,630 DEBUG org.springframework.boot.web.servlet.server.DocumentRoot [main] Code archive: C:\Users\lazic\.m2\repository\org\springframework\boot\spring-boot\2.1.3.RELEASE\spring-boot-2.1.3.RELEASE.jar
2019-06-27 16:08:49,631 DEBUG org.springframework.boot.web.servlet.server.DocumentRoot [main] None of the document roots [src/main/webapp, public, static] point to a directory and will be ignored.
2019-06-27 16:08:49,795 DEBUG org.springframework.web.filter.GenericFilterBean [main] Filter 'CORS Filter' configured for use
2019-06-27 16:08:51,280 INFO com.xmlbesp.MegaTravelPKI.service.Logging [main] KS_INIT
2019-06-27 16:08:51,280 INFO com.xmlbesp.MegaTravelPKI.service.Logging [main] KS_INIT_EXISTING
2019-06-27 16:08:51,358 INFO com.xmlbesp.MegaTravelPKI.service.Logging [main] KS_INIT_SUCCESS.
2019-06-27 16:08:51,892 INFO org.springframework.boot.StartupInfoLogger [main] Started MegaTravelPkiApplication in 3.55 seconds (JVM running for 4.237)
2019-06-27 16:08:56,373 INFO com.xmlbesp.MegaTravelPKI.service.Logging [https-jsse-nio-8443-exec-5] IS_GEN
2019-06-27 16:11:13,318 INFO com.xmlbesp.MegaTravelPKI.service.Logging [https-jsse-nio-8443-exec-5] ID_GET_KS
2019-06-27 16:11:13,318 ERROR com.xmlbesp.MegaTravelPKI.service.Logging [https-jsse-nio-8443-exec-5] ID_GET_KS_FAIL
2019-06-27 16:11:13,334 INFO com.xmlbesp.MegaTravelPKI.service.Logging [https-jsse-nio-8443-exec-5] SD_GEN
2019-06-27 16:11:13,334 INFO com.xmlbesp.MegaTravelPKI.service.Logging [https-jsse-nio-8443-exec-5] KP_GEN
2019-06-27 16:11:13,334 INFO com.xmlbesp.MegaTravelPKI.service.Logging [https-jsse-nio-8443-exec-5] KP_GEN_SUCCESS
2019-06-27 16:11:14,193 INFO com.xmlbesp.MegaTravelPKI.service.Logging [https-jsse-nio-8443-exec-5] SD_GEN_SUCCESS
2019-06-27 16:12:06,943 INFO org.springframework.boot.StartupInfoLogger [main] Starting MegaTravelPkiApplication on Milan with PID 3532 (C:\Users\lazic\Documents\GitHub\BSEP_XML\backend\MegaTravelPKI\target\classes started by Milan in C:\Users\lazic\Documents\GitHub\BSEP_XML\backend\MegaTravelPKI)
2019-06-27 16:12:06,943 DEBUG org.springframework.boot.StartupInfoLogger [main] Running with Spring Boot v2.1.3.RELEASE, Spring v5.1.5.RELEASE
2019-06-27 16:12:06,943 INFO org.springframework.boot.SpringApplication [main] No active profile set, falling back to default profiles: default
2019-06-27 16:12:07,911 DEBUG org.springframework.boot.web.servlet.server.DocumentRoot [main] Code archive: C:\Users\lazic\.m2\repository\org\springframework\boot\spring-boot\2.1.3.RELEASE\spring-boot-2.1.3.RELEASE.jar
2019-06-27 16:12:07,911 DEBUG org.springframework.boot.web.servlet.server.DocumentRoot [main] Code archive: C:\Users\lazic\.m2\repository\org\springframework\boot\spring-boot\2.1.3.RELEASE\spring-boot-2.1.3.RELEASE.jar
2019-06-27 16:12:07,911 DEBUG org.springframework.boot.web.servlet.server.DocumentRoot [main] None of the document roots [src/main/webapp, public, static] point to a directory and will be ignored.
2019-06-27 16:12:08,083 DEBUG org.springframework.web.filter.GenericFilterBean [main] Filter 'CORS Filter' configured for use
2019-06-27 16:12:09,604 INFO com.xmlbesp.MegaTravelPKI.service.Logging [main] KS_INIT
2019-06-27 16:12:09,619 INFO com.xmlbesp.MegaTravelPKI.service.Logging [main] KS_INIT_EXISTING
2019-06-27 16:12:09,697 INFO com.xmlbesp.MegaTravelPKI.service.Logging [main] KS_INIT_SUCCESS.
2019-06-27 16:12:10,209 INFO org.springframework.boot.StartupInfoLogger [main] Started MegaTravelPkiApplication in 3.579 seconds (JVM running for 4.207)
2019-06-27 16:12:14,605 INFO com.xmlbesp.MegaTravelPKI.service.Logging [https-jsse-nio-8443-exec-4] IS_GEN
2019-06-27 16:12:34,829 INFO com.xmlbesp.MegaTravelPKI.service.Logging [https-jsse-nio-8443-exec-4] ID_GET_KS
2019-06-27 16:12:34,832 ERROR com.xmlbesp.MegaTravelPKI.service.Logging [https-jsse-nio-8443-exec-4] ID_GET_KS_FAIL
2019-06-27 16:12:34,832 INFO com.xmlbesp.MegaTravelPKI.service.Logging [https-jsse-nio-8443-exec-4] SD_GEN
2019-06-27 16:12:34,832 INFO com.xmlbesp.MegaTravelPKI.service.Logging [https-jsse-nio-8443-exec-4] KP_GEN
2019-06-27 16:12:34,832 INFO com.xmlbesp.MegaTravelPKI.service.Logging [https-jsse-nio-8443-exec-4] KP_GEN_SUCCESS
2019-06-27 16:12:35,186 INFO com.xmlbesp.MegaTravelPKI.service.Logging [https-jsse-nio-8443-exec-4] SD_GEN_SUCCESS
2019-06-27 16:13:02,112 INFO org.springframework.boot.StartupInfoLogger [main] Starting MegaTravelPkiApplication on Milan with PID 3604 (C:\Users\lazic\Documents\GitHub\BSEP_XML\backend\MegaTravelPKI\target\classes started by Milan in C:\Users\lazic\Documents\GitHub\BSEP_XML\backend\MegaTravelPKI)
2019-06-27 16:13:02,112 DEBUG org.springframework.boot.StartupInfoLogger [main] Running with Spring Boot v2.1.3.RELEASE, Spring v5.1.5.RELEASE
2019-06-27 16:13:02,112 INFO org.springframework.boot.SpringApplication [main] No active profile set, falling back to default profiles: default
2019-06-27 16:13:03,082 DEBUG org.springframework.boot.web.servlet.server.DocumentRoot [main] Code archive: C:\Users\lazic\.m2\repository\org\springframework\boot\spring-boot\2.1.3.RELEASE\spring-boot-2.1.3.RELEASE.jar
2019-06-27 16:13:03,082 DEBUG org.springframework.boot.web.servlet.server.DocumentRoot [main] Code archive: C:\Users\lazic\.m2\repository\org\springframework\boot\spring-boot\2.1.3.RELEASE\spring-boot-2.1.3.RELEASE.jar
2019-06-27 16:13:03,082 DEBUG org.springframework.boot.web.servlet.server.DocumentRoot [main] None of the document roots [src/main/webapp, public, static] point to a directory and will be ignored.
2019-06-27 16:13:03,254 DEBUG org.springframework.web.filter.GenericFilterBean [main] Filter 'CORS Filter' configured for use
2019-06-27 16:13:04,769 INFO com.xmlbesp.MegaTravelPKI.service.Logging [main] KS_INIT
2019-06-27 16:13:04,769 INFO com.xmlbesp.MegaTravelPKI.service.Logging [main] KS_INIT_EXISTING
2019-06-27 16:13:04,863 INFO com.xmlbesp.MegaTravelPKI.service.Logging [main] KS_INIT_SUCCESS.
2019-06-27 16:13:05,378 INFO org.springframework.boot.StartupInfoLogger [main] Started MegaTravelPkiApplication in 3.594 seconds (JVM running for 4.175)
2019-06-27 16:13:12,833 INFO com.xmlbesp.MegaTravelPKI.service.Logging [https-jsse-nio-8443-exec-5] IS_GEN
2019-06-27 16:13:22,061 INFO com.xmlbesp.MegaTravelPKI.service.Logging [https-jsse-nio-8443-exec-5] ID_GET_KS
2019-06-27 16:13:22,063 ERROR com.xmlbesp.MegaTravelPKI.service.Logging [https-jsse-nio-8443-exec-5] ID_GET_KS_FAIL
2019-06-27 16:13:22,064 INFO com.xmlbesp.MegaTravelPKI.service.Logging [https-jsse-nio-8443-exec-5] SD_GEN
2019-06-27 16:13:22,064 INFO com.xmlbesp.MegaTravelPKI.service.Logging [https-jsse-nio-8443-exec-5] KP_GEN
2019-06-27 16:13:22,065 INFO com.xmlbesp.MegaTravelPKI.service.Logging [https-jsse-nio-8443-exec-5] KP_GEN_SUCCESS
2019-06-27 16:13:22,557 INFO com.xmlbesp.MegaTravelPKI.service.Logging [https-jsse-nio-8443-exec-5] SD_GEN_SUCCESS
2019-06-27 16:13:33,565 INFO com.xmlbesp.MegaTravelPKI.service.Logging [https-jsse-nio-8443-exec-3] IS_GEN
2019-06-27 16:13:47,167 INFO com.xmlbesp.MegaTravelPKI.service.Logging [https-jsse-nio-8443-exec-3] ID_GET_KS
2019-06-27 16:14:06,859 ERROR com.xmlbesp.MegaTravelPKI.service.Logging [https-jsse-nio-8443-exec-3] ID_GET_KS_FAIL
2019-06-27 16:14:06,859 INFO com.xmlbesp.MegaTravelPKI.service.Logging [https-jsse-nio-8443-exec-3] SD_GEN
2019-06-27 16:14:06,874 INFO com.xmlbesp.MegaTravelPKI.service.Logging [https-jsse-nio-8443-exec-3] KP_GEN
2019-06-27 16:14:06,874 INFO com.xmlbesp.MegaTravelPKI.service.Logging [https-jsse-nio-8443-exec-3] KP_GEN_SUCCESS
2019-06-27 16:14:07,131 INFO com.xmlbesp.MegaTravelPKI.service.Logging [https-jsse-nio-8443-exec-3] SD_GEN_SUCCESS
2019-06-27 16:14:38,811 INFO org.springframework.boot.StartupInfoLogger [main] Starting MegaTravelPkiApplication on Milan with PID 4272 (C:\Users\lazic\Documents\GitHub\BSEP_XML\backend\MegaTravelPKI\target\classes started by Milan in C:\Users\lazic\Documents\GitHub\BSEP_XML\backend\MegaTravelPKI)
2019-06-27 16:14:38,811 DEBUG org.springframework.boot.StartupInfoLogger [main] Running with Spring Boot v2.1.3.RELEASE, Spring v5.1.5.RELEASE
2019-06-27 16:14:38,811 INFO org.springframework.boot.SpringApplication [main] No active profile set, falling back to default profiles: default
2019-06-27 16:14:39,686 DEBUG org.springframework.boot.web.servlet.server.DocumentRoot [main] Code archive: C:\Users\lazic\.m2\repository\org\springframework\boot\spring-boot\2.1.3.RELEASE\spring-boot-2.1.3.RELEASE.jar
2019-06-27 16:14:39,686 DEBUG org.springframework.boot.web.servlet.server.DocumentRoot [main] Code archive: C:\Users\lazic\.m2\repository\org\springframework\boot\spring-boot\2.1.3.RELEASE\spring-boot-2.1.3.RELEASE.jar
2019-06-27 16:14:39,686 DEBUG org.springframework.boot.web.servlet.server.DocumentRoot [main] None of the document roots [src/main/webapp, public, static] point to a directory and will be ignored.
2019-06-27 16:14:39,844 DEBUG org.springframework.web.filter.GenericFilterBean [main] Filter 'CORS Filter' configured for use
2019-06-27 16:14:41,023 INFO com.xmlbesp.MegaTravelPKI.service.Logging [main] KS_INIT
2019-06-27 16:14:41,025 INFO com.xmlbesp.MegaTravelPKI.service.Logging [main] KS_INIT_EXISTING
2019-06-27 16:14:41,094 INFO com.xmlbesp.MegaTravelPKI.service.Logging [main] KS_INIT_SUCCESS.
2019-06-27 16:14:41,543 INFO org.springframework.boot.StartupInfoLogger [main] Started MegaTravelPkiApplication in 3.06 seconds (JVM running for 3.556)
2019-06-27 16:15:08,896 INFO com.xmlbesp.MegaTravelPKI.service.Logging [https-jsse-nio-8443-exec-9] IS_GEN
2019-06-27 16:15:08,981 INFO com.xmlbesp.MegaTravelPKI.service.Logging [https-jsse-nio-8443-exec-9] ID_GET_KS
2019-06-27 16:15:09,013 INFO com.xmlbesp.MegaTravelPKI.service.Logging [https-jsse-nio-8443-exec-9] ID_GET_KS_SUCCESS
2019-06-27 16:15:09,013 INFO com.xmlbesp.MegaTravelPKI.service.Logging [https-jsse-nio-8443-exec-9] SD_GEN
2019-06-27 16:15:09,014 INFO com.xmlbesp.MegaTravelPKI.service.Logging [https-jsse-nio-8443-exec-9] KP_GEN
2019-06-27 16:15:09,015 INFO com.xmlbesp.MegaTravelPKI.service.Logging [https-jsse-nio-8443-exec-9] KP_GEN_SUCCESS
2019-06-27 16:15:09,756 INFO com.xmlbesp.MegaTravelPKI.service.Logging [https-jsse-nio-8443-exec-9] SD_GEN_SUCCESS
2019-06-27 16:15:09,815 INFO com.xmlbesp.MegaTravelPKI.service.Logging [https-jsse-nio-8443-exec-9] IS_GEN_SUCCESS
2019-06-27 16:19:55,135 INFO org.springframework.boot.StartupInfoLogger [main] Starting MegaTravelPkiApplication on Milan with PID 12172 (C:\Users\lazic\Documents\GitHub\BSEP_XML\backend\MegaTravelPKI\target\classes started by Milan in C:\Users\lazic\Documents\GitHub\BSEP_XML\backend\MegaTravelPKI)
2019-06-27 16:19:55,137 DEBUG org.springframework.boot.StartupInfoLogger [main] Running with Spring Boot v2.1.3.RELEASE, Spring v5.1.5.RELEASE
2019-06-27 16:19:55,138 INFO org.springframework.boot.SpringApplication [main] No active profile set, falling back to default profiles: default
2019-06-27 16:19:56,045 DEBUG org.springframework.boot.web.servlet.server.DocumentRoot [main] Code archive: C:\Users\lazic\.m2\repository\org\springframework\boot\spring-boot\2.1.3.RELEASE\spring-boot-2.1.3.RELEASE.jar
2019-06-27 16:19:56,045 DEBUG org.springframework.boot.web.servlet.server.DocumentRoot [main] Code archive: C:\Users\lazic\.m2\repository\org\springframework\boot\spring-boot\2.1.3.RELEASE\spring-boot-2.1.3.RELEASE.jar
2019-06-27 16:19:56,046 DEBUG org.springframework.boot.web.servlet.server.DocumentRoot [main] None of the document roots [src/main/webapp, public, static] point to a directory and will be ignored.
2019-06-27 16:19:56,186 DEBUG org.springframework.web.filter.GenericFilterBean [main] Filter 'CORS Filter' configured for use
2019-06-27 16:19:57,374 INFO com.xmlbesp.MegaTravelPKI.service.Logging [main] KS_INIT
2019-06-27 16:19:57,374 INFO com.xmlbesp.MegaTravelPKI.service.Logging [main] KS_INIT_EXISTING
2019-06-27 16:19:57,452 INFO com.xmlbesp.MegaTravelPKI.service.Logging [main] KS_INIT_SUCCESS.
2019-06-27 16:19:57,906 INFO org.springframework.boot.StartupInfoLogger [main] Started MegaTravelPkiApplication in 3.076 seconds (JVM running for 3.579)
2019-06-27 16:20:36,938 INFO com.xmlbesp.MegaTravelPKI.service.Logging [https-jsse-nio-8443-exec-5] IS_GEN
2019-06-27 16:20:37,021 INFO com.xmlbesp.MegaTravelPKI.service.Logging [https-jsse-nio-8443-exec-5] ID_GET_KS
2019-06-27 16:20:37,054 INFO com.xmlbesp.MegaTravelPKI.service.Logging [https-jsse-nio-8443-exec-5] ID_GET_KS_SUCCESS
2019-06-27 16:20:37,054 INFO com.xmlbesp.MegaTravelPKI.service.Logging [https-jsse-nio-8443-exec-5] SD_GEN
2019-06-27 16:20:37,054 INFO com.xmlbesp.MegaTravelPKI.service.Logging [https-jsse-nio-8443-exec-5] KP_GEN
2019-06-27 16:20:37,056 INFO com.xmlbesp.MegaTravelPKI.service.Logging [https-jsse-nio-8443-exec-5] KP_GEN_SUCCESS
2019-06-27 16:20:38,655 INFO com.xmlbesp.MegaTravelPKI.service.Logging [https-jsse-nio-8443-exec-5] SD_GEN_SUCCESS
2019-06-27 16:20:38,719 INFO com.xmlbesp.MegaTravelPKI.service.Logging [https-jsse-nio-8443-exec-5] IS_GEN_SUCCESS
2019-06-27 16:25:58,059 INFO org.springframework.boot.StartupInfoLogger [main] Starting MegaTravelPkiApplication on Milan with PID 14600 (C:\Users\lazic\Documents\GitHub\BSEP_XML\backend\MegaTravelPKI\target\classes started by Milan in C:\Users\lazic\Documents\GitHub\BSEP_XML\backend\MegaTravelPKI)
2019-06-27 16:25:58,061 DEBUG org.springframework.boot.StartupInfoLogger [main] Running with Spring Boot v2.1.3.RELEASE, Spring v5.1.5.RELEASE
2019-06-27 16:25:58,062 INFO org.springframework.boot.SpringApplication [main] No active profile set, falling back to default profiles: default
2019-06-27 16:25:58,968 DEBUG org.springframework.boot.web.servlet.server.DocumentRoot [main] Code archive: C:\Users\lazic\.m2\repository\org\springframework\boot\spring-boot\2.1.3.RELEASE\spring-boot-2.1.3.RELEASE.jar
2019-06-27 16:25:58,968 DEBUG org.springframework.boot.web.servlet.server.DocumentRoot [main] Code archive: C:\Users\lazic\.m2\repository\org\springframework\boot\spring-boot\2.1.3.RELEASE\spring-boot-2.1.3.RELEASE.jar
2019-06-27 16:25:58,968 DEBUG org.springframework.boot.web.servlet.server.DocumentRoot [main] None of the document roots [src/main/webapp, public, static] point to a directory and will be ignored.
2019-06-27 16:25:59,144 DEBUG org.springframework.web.filter.GenericFilterBean [main] Filter 'CORS Filter' configured for use
2019-06-27 16:26:00,375 INFO com.xmlbesp.MegaTravelPKI.service.Logging [main] KS_INIT
2019-06-27 16:26:00,375 INFO com.xmlbesp.MegaTravelPKI.service.Logging [main] KS_INIT_EXISTING
2019-06-27 16:26:00,454 INFO com.xmlbesp.MegaTravelPKI.service.Logging [main] KS_INIT_SUCCESS.
2019-06-27 16:26:00,905 INFO org.springframework.boot.StartupInfoLogger [main] Started MegaTravelPkiApplication in 3.155 seconds (JVM running for 3.665)
2019-06-27 16:27:13,788 INFO com.xmlbesp.MegaTravelPKI.service.Logging [https-jsse-nio-8443-exec-10] IS_GEN
2019-06-27 16:27:13,870 INFO com.xmlbesp.MegaTravelPKI.service.Logging [https-jsse-nio-8443-exec-10] ID_GET_KS
2019-06-27 16:27:13,904 INFO com.xmlbesp.MegaTravelPKI.service.Logging [https-jsse-nio-8443-exec-10] ID_GET_KS_SUCCESS
2019-06-27 16:27:13,904 INFO com.xmlbesp.MegaTravelPKI.service.Logging [https-jsse-nio-8443-exec-10] SD_GEN
2019-06-27 16:27:13,904 INFO com.xmlbesp.MegaTravelPKI.service.Logging [https-jsse-nio-8443-exec-10] KP_GEN
2019-06-27 16:27:13,905 INFO com.xmlbesp.MegaTravelPKI.service.Logging [https-jsse-nio-8443-exec-10] KP_GEN_SUCCESS
2019-06-27 16:27:14,151 INFO com.xmlbesp.MegaTravelPKI.service.Logging [https-jsse-nio-8443-exec-10] SD_GEN_SUCCESS
2019-06-27 16:27:14,203 INFO com.xmlbesp.MegaTravelPKI.service.Logging [https-jsse-nio-8443-exec-10] IS_GEN_SUCCESS
2019-06-27 16:27:42,459 INFO com.xmlbesp.MegaTravelPKI.service.Logging [https-jsse-nio-8443-exec-6] IS_GEN
2019-06-27 16:27:42,466 INFO com.xmlbesp.MegaTravelPKI.service.Logging [https-jsse-nio-8443-exec-6] ID_GET_KS
2019-06-27 16:27:42,466 INFO com.xmlbesp.MegaTravelPKI.service.Logging [https-jsse-nio-8443-exec-6] ID_GET_KS_SUCCESS
2019-06-27 16:27:42,467 INFO com.xmlbesp.MegaTravelPKI.service.Logging [https-jsse-nio-8443-exec-6] SD_GEN
2019-06-27 16:27:42,467 INFO com.xmlbesp.MegaTravelPKI.service.Logging [https-jsse-nio-8443-exec-6] KP_GEN
2019-06-27 16:27:42,468 INFO com.xmlbesp.MegaTravelPKI.service.Logging [https-jsse-nio-8443-exec-6] KP_GEN_SUCCESS
2019-06-27 16:27:42,837 INFO com.xmlbesp.MegaTravelPKI.service.Logging [https-jsse-nio-8443-exec-6] SD_GEN_SUCCESS
2019-06-27 16:27:42,860 INFO com.xmlbesp.MegaTravelPKI.service.Logging [https-jsse-nio-8443-exec-6] IS_GEN_SUCCESS
2019-06-27 17:16:33,166 INFO org.springframework.boot.StartupInfoLogger [main] Starting MegaTravelPkiApplication on Milan with PID 16552 (C:\Users\lazic\Documents\GitHub\BSEP_XML\backend\MegaTravelPKI\target\classes started by Milan in C:\Users\lazic\Documents\GitHub\BSEP_XML\backend\MegaTravelPKI)
2019-06-27 17:16:33,168 DEBUG org.springframework.boot.StartupInfoLogger [main] Running with Spring Boot v2.1.3.RELEASE, Spring v5.1.5.RELEASE
2019-06-27 17:16:33,168 INFO org.springframework.boot.SpringApplication [main] No active profile set, falling back to default profiles: default
2019-06-27 17:16:34,057 DEBUG org.springframework.boot.web.servlet.server.DocumentRoot [main] Code archive: C:\Users\lazic\.m2\repository\org\springframework\boot\spring-boot\2.1.3.RELEASE\spring-boot-2.1.3.RELEASE.jar
2019-06-27 17:16:34,058 DEBUG org.springframework.boot.web.servlet.server.DocumentRoot [main] Code archive: C:\Users\lazic\.m2\repository\org\springframework\boot\spring-boot\2.1.3.RELEASE\spring-boot-2.1.3.RELEASE.jar
2019-06-27 17:16:34,059 DEBUG org.springframework.boot.web.servlet.server.DocumentRoot [main] None of the document roots [src/main/webapp, public, static] point to a directory and will be ignored.
2019-06-27 17:16:34,222 DEBUG org.springframework.web.filter.GenericFilterBean [main] Filter 'CORS Filter' configured for use
2019-06-27 17:16:35,442 INFO com.xmlbesp.MegaTravelPKI.service.Logging [main] KS_INIT
2019-06-27 17:16:35,457 INFO com.xmlbesp.MegaTravelPKI.service.Logging [main] KS_INIT_EXISTING
2019-06-27 17:16:35,525 INFO com.xmlbesp.MegaTravelPKI.service.Logging [main] KS_INIT_SUCCESS.
2019-06-27 17:16:35,975 INFO org.springframework.boot.StartupInfoLogger [main] Started MegaTravelPkiApplication in 3.113 seconds (JVM running for 3.651)
2019-06-27 17:16:43,432 INFO com.xmlbesp.MegaTravelPKI.service.Logging [https-jsse-nio-8443-exec-2] IS_GEN
2019-06-27 17:16:43,515 INFO com.xmlbesp.MegaTravelPKI.service.Logging [https-jsse-nio-8443-exec-2] ID_GET_KS
2019-06-27 17:16:43,549 INFO com.xmlbesp.MegaTravelPKI.service.Logging [https-jsse-nio-8443-exec-2] ID_GET_KS_SUCCESS
2019-06-27 17:16:43,549 INFO com.xmlbesp.MegaTravelPKI.service.Logging [https-jsse-nio-8443-exec-2] SD_GEN
2019-06-27 17:16:43,549 INFO com.xmlbesp.MegaTravelPKI.service.Logging [https-jsse-nio-8443-exec-2] KP_GEN
2019-06-27 17:16:43,551 INFO com.xmlbesp.MegaTravelPKI.service.Logging [https-jsse-nio-8443-exec-2] KP_GEN_SUCCESS
2019-06-27 17:16:43,727 INFO com.xmlbesp.MegaTravelPKI.service.Logging [https-jsse-nio-8443-exec-2] SD_GEN_SUCCESS
2019-06-27 17:16:43,796 INFO com.xmlbesp.MegaTravelPKI.service.Logging [https-jsse-nio-8443-exec-2] IS_GEN_SUCCESS
2019-06-27 17:17:28,531 INFO com.xmlbesp.MegaTravelPKI.service.Logging [https-jsse-nio-8443-exec-5] IS_GEN
2019-06-27 17:17:28,538 INFO com.xmlbesp.MegaTravelPKI.service.Logging [https-jsse-nio-8443-exec-5] ID_GET_KS
2019-06-27 17:17:28,539 INFO com.xmlbesp.MegaTravelPKI.service.Logging [https-jsse-nio-8443-exec-5] ID_GET_KS_SUCCESS
2019-06-27 17:17:28,540 INFO com.xmlbesp.MegaTravelPKI.service.Logging [https-jsse-nio-8443-exec-5] SD_GEN
2019-06-27 17:17:28,540 INFO com.xmlbesp.MegaTravelPKI.service.Logging [https-jsse-nio-8443-exec-5] KP_GEN
2019-06-27 17:17:28,541 INFO com.xmlbesp.MegaTravelPKI.service.Logging [https-jsse-nio-8443-exec-5] KP_GEN_SUCCESS
2019-06-27 17:17:29,219 INFO com.xmlbesp.MegaTravelPKI.service.Logging [https-jsse-nio-8443-exec-5] SD_GEN_SUCCESS
2019-06-27 17:17:29,235 INFO com.xmlbesp.MegaTravelPKI.service.Logging [https-jsse-nio-8443-exec-5] IS_GEN_SUCCESS
2019-06-27 18:03:37,276 INFO org.springframework.boot.StartupInfoLogger [main] Starting MegaTravelPkiApplication on Milan with PID 15076 (C:\Users\lazic\Documents\GitHub\BSEP_XML\backend\MegaTravelPKI\target\classes started by Milan in C:\Users\lazic\Documents\GitHub\BSEP_XML\backend\MegaTravelPKI)
2019-06-27 18:03:37,292 DEBUG org.springframework.boot.StartupInfoLogger [main] Running with Spring Boot v2.1.3.RELEASE, Spring v5.1.5.RELEASE
2019-06-27 18:03:37,292 INFO org.springframework.boot.SpringApplication [main] No active profile set, falling back to default profiles: default
2019-06-27 18:03:38,208 DEBUG org.springframework.boot.web.servlet.server.DocumentRoot [main] Code archive: C:\Users\lazic\.m2\repository\org\springframework\boot\spring-boot\2.1.3.RELEASE\spring-boot-2.1.3.RELEASE.jar
2019-06-27 18:03:38,209 DEBUG org.springframework.boot.web.servlet.server.DocumentRoot [main] Code archive: C:\Users\lazic\.m2\repository\org\springframework\boot\spring-boot\2.1.3.RELEASE\spring-boot-2.1.3.RELEASE.jar
2019-06-27 18:03:38,210 DEBUG org.springframework.boot.web.servlet.server.DocumentRoot [main] None of the document roots [src/main/webapp, public, static] point to a directory and will be ignored.
2019-06-27 18:03:38,353 DEBUG org.springframework.web.filter.GenericFilterBean [main] Filter 'CORS Filter' configured for use
2019-06-27 18:03:39,568 INFO com.xmlbesp.MegaTravelPKI.service.Logging [main] KS_INIT
2019-06-27 18:03:39,570 INFO com.xmlbesp.MegaTravelPKI.service.Logging [main] KS_INIT_EXISTING
2019-06-27 18:03:39,641 INFO com.xmlbesp.MegaTravelPKI.service.Logging [main] KS_INIT_SUCCESS.
2019-06-27 18:03:40,125 INFO org.springframework.boot.StartupInfoLogger [main] Started MegaTravelPkiApplication in 3.163 seconds (JVM running for 3.67)
2019-06-27 18:03:48,121 INFO com.xmlbesp.MegaTravelPKI.service.Logging [https-jsse-nio-8443-exec-5] IS_GEN
2019-06-27 18:03:48,189 INFO com.xmlbesp.MegaTravelPKI.service.Logging [https-jsse-nio-8443-exec-5] ID_GET_KS
2019-06-27 18:03:48,236 INFO com.xmlbesp.MegaTravelPKI.service.Logging [https-jsse-nio-8443-exec-5] ID_GET_KS_SUCCESS
2019-06-27 18:03:48,237 INFO com.xmlbesp.MegaTravelPKI.service.Logging [https-jsse-nio-8443-exec-5] SD_GEN
2019-06-27 18:03:48,237 INFO com.xmlbesp.MegaTravelPKI.service.Logging [https-jsse-nio-8443-exec-5] KP_GEN
2019-06-27 18:03:48,238 INFO com.xmlbesp.MegaTravelPKI.service.Logging [https-jsse-nio-8443-exec-5] KP_GEN_SUCCESS
2019-06-27 18:03:48,816 INFO com.xmlbesp.MegaTravelPKI.service.Logging [https-jsse-nio-8443-exec-5] SD_GEN_SUCCESS
2019-06-27 18:03:48,888 INFO com.xmlbesp.MegaTravelPKI.service.Logging [https-jsse-nio-8443-exec-5] IS_GEN_SUCCESS
2019-06-27 18:04:11,043 INFO com.xmlbesp.MegaTravelPKI.service.Logging [https-jsse-nio-8443-exec-3] IS_GEN
2019-06-27 18:04:11,052 INFO com.xmlbesp.MegaTravelPKI.service.Logging [https-jsse-nio-8443-exec-3] ID_GET_KS
2019-06-27 18:04:11,054 INFO com.xmlbesp.MegaTravelPKI.service.Logging [https-jsse-nio-8443-exec-3] ID_GET_KS_SUCCESS
2019-06-27 18:04:11,054 INFO com.xmlbesp.MegaTravelPKI.service.Logging [https-jsse-nio-8443-exec-3] SD_GEN
2019-06-27 18:04:11,054 INFO com.xmlbesp.MegaTravelPKI.service.Logging [https-jsse-nio-8443-exec-3] KP_GEN
2019-06-27 18:04:11,055 INFO com.xmlbesp.MegaTravelPKI.service.Logging [https-jsse-nio-8443-exec-3] KP_GEN_SUCCESS
2019-06-27 18:04:11,310 INFO com.xmlbesp.MegaTravelPKI.service.Logging [https-jsse-nio-8443-exec-3] SD_GEN_SUCCESS
2019-06-27 18:04:11,328 INFO com.xmlbesp.MegaTravelPKI.service.Logging [https-jsse-nio-8443-exec-3] IS_GEN_SUCCESS
2019-06-27 18:08:25,111 INFO org.springframework.boot.StartupInfoLogger [main] Starting MegaTravelPkiApplication on Milan with PID 11192 (C:\Users\lazic\Documents\GitHub\BSEP_XML\backend\MegaTravelPKI\target\classes started by Milan in C:\Users\lazic\Documents\GitHub\BSEP_XML\backend\MegaTravelPKI)
2019-06-27 18:08:25,111 DEBUG org.springframework.boot.StartupInfoLogger [main] Running with Spring Boot v2.1.3.RELEASE, Spring v5.1.5.RELEASE
2019-06-27 18:08:25,111 INFO org.springframework.boot.SpringApplication [main] No active profile set, falling back to default profiles: default
2019-06-27 18:08:26,002 DEBUG org.springframework.boot.web.servlet.server.DocumentRoot [main] Code archive: C:\Users\lazic\.m2\repository\org\springframework\boot\spring-boot\2.1.3.RELEASE\spring-boot-2.1.3.RELEASE.jar
2019-06-27 18:08:26,002 DEBUG org.springframework.boot.web.servlet.server.DocumentRoot [main] Code archive: C:\Users\lazic\.m2\repository\org\springframework\boot\spring-boot\2.1.3.RELEASE\spring-boot-2.1.3.RELEASE.jar
2019-06-27 18:08:26,002 DEBUG org.springframework.boot.web.servlet.server.DocumentRoot [main] None of the document roots [src/main/webapp, public, static] point to a directory and will be ignored.
2019-06-27 18:08:26,158 DEBUG org.springframework.web.filter.GenericFilterBean [main] Filter 'CORS Filter' configured for use
2019-06-27 18:08:27,329 INFO com.xmlbesp.MegaTravelPKI.service.Logging [main] KS_INIT
2019-06-27 18:08:27,329 INFO com.xmlbesp.MegaTravelPKI.service.Logging [main] KS_INIT_EXISTING
2019-06-27 18:08:27,392 INFO com.xmlbesp.MegaTravelPKI.service.Logging [main] KS_INIT_SUCCESS.
2019-06-27 18:08:27,860 INFO org.springframework.boot.StartupInfoLogger [main] Started MegaTravelPkiApplication in 3.061 seconds (JVM running for 3.575)
2019-06-27 18:08:40,007 INFO com.xmlbesp.MegaTravelPKI.service.Logging [https-jsse-nio-8443-exec-5] IS_GEN
2019-06-27 18:08:40,091 INFO com.xmlbesp.MegaTravelPKI.service.Logging [https-jsse-nio-8443-exec-5] ID_GET_KS
2019-06-27 18:08:40,124 INFO com.xmlbesp.MegaTravelPKI.service.Logging [https-jsse-nio-8443-exec-5] ID_GET_KS_SUCCESS
2019-06-27 18:08:40,124 INFO com.xmlbesp.MegaTravelPKI.service.Logging [https-jsse-nio-8443-exec-5] SD_GEN
2019-06-27 18:08:40,125 INFO com.xmlbesp.MegaTravelPKI.service.Logging [https-jsse-nio-8443-exec-5] KP_GEN
2019-06-27 18:08:40,126 INFO com.xmlbesp.MegaTravelPKI.service.Logging [https-jsse-nio-8443-exec-5] KP_GEN_SUCCESS
2019-06-27 18:08:41,346 INFO com.xmlbesp.MegaTravelPKI.service.Logging [https-jsse-nio-8443-exec-5] SD_GEN_SUCCESS
2019-06-27 18:08:41,409 INFO com.xmlbesp.MegaTravelPKI.service.Logging [https-jsse-nio-8443-exec-5] IS_GEN_SUCCESS
2019-06-27 18:08:55,653 INFO com.xmlbesp.MegaTravelPKI.service.Logging [https-jsse-nio-8443-exec-6] IS_GEN
2019-06-27 18:08:55,661 INFO com.xmlbesp.MegaTravelPKI.service.Logging [https-jsse-nio-8443-exec-6] ID_GET_KS
2019-06-27 18:08:55,662 INFO com.xmlbesp.MegaTravelPKI.service.Logging [https-jsse-nio-8443-exec-6] ID_GET_KS_SUCCESS
2019-06-27 18:08:55,662 INFO com.xmlbesp.MegaTravelPKI.service.Logging [https-jsse-nio-8443-exec-6] SD_GEN
2019-06-27 18:08:55,663 INFO com.xmlbesp.MegaTravelPKI.service.Logging [https-jsse-nio-8443-exec-6] KP_GEN
2019-06-27 18:08:55,663 INFO com.xmlbesp.MegaTravelPKI.service.Logging [https-jsse-nio-8443-exec-6] KP_GEN_SUCCESS
2019-06-27 18:08:56,101 INFO com.xmlbesp.MegaTravelPKI.service.Logging [https-jsse-nio-8443-exec-6] SD_GEN_SUCCESS
2019-06-27 18:08:56,118 INFO com.xmlbesp.MegaTravelPKI.service.Logging [https-jsse-nio-8443-exec-6] IS_GEN_SUCCESS
2019-06-28 10:29:23,533 INFO org.springframework.boot.StartupInfoLogger [main] Starting MegaTravelPkiApplication on Milan with PID 3628 (C:\Users\lazic\Documents\GitHub\BSEP_XML\backend\MegaTravelPKI\target\classes started by Milan in C:\Users\lazic\Documents\GitHub\BSEP_XML\backend\MegaTravelPKI)
2019-06-28 10:29:23,538 DEBUG org.springframework.boot.StartupInfoLogger [main] Running with Spring Boot v2.1.3.RELEASE, Spring v5.1.5.RELEASE
2019-06-28 10:29:23,538 INFO org.springframework.boot.SpringApplication [main] No active profile set, falling back to default profiles: default
2019-06-28 10:29:24,723 DEBUG org.springframework.boot.web.servlet.server.DocumentRoot [main] Code archive: C:\Users\lazic\.m2\repository\org\springframework\boot\spring-boot\2.1.3.RELEASE\spring-boot-2.1.3.RELEASE.jar
2019-06-28 10:29:24,724 DEBUG org.springframework.boot.web.servlet.server.DocumentRoot [main] Code archive: C:\Users\lazic\.m2\repository\org\springframework\boot\spring-boot\2.1.3.RELEASE\spring-boot-2.1.3.RELEASE.jar
2019-06-28 10:29:24,724 DEBUG org.springframework.boot.web.servlet.server.DocumentRoot [main] None of the document roots [src/main/webapp, public, static] point to a directory and will be ignored.
2019-06-28 10:29:24,917 DEBUG org.springframework.web.filter.GenericFilterBean [main] Filter 'CORS Filter' configured for use
2019-06-28 10:29:26,650 INFO com.xmlbesp.MegaTravelPKI.service.Logging [main] KS_INIT
2019-06-28 10:29:26,652 INFO com.xmlbesp.MegaTravelPKI.service.Logging [main] KS_INIT_EXISTING
2019-06-28 10:29:26,730 INFO com.xmlbesp.MegaTravelPKI.service.Logging [main] KS_INIT_SUCCESS.
2019-06-28 10:29:27,218 INFO org.springframework.boot.StartupInfoLogger [main] Started MegaTravelPkiApplication in 4.06 seconds (JVM running for 4.669)
2019-06-28 10:30:30,648 INFO com.xmlbesp.MegaTravelPKI.service.Logging [https-jsse-nio-8443-exec-5] IS_GEN
2019-06-28 10:30:30,756 INFO com.xmlbesp.MegaTravelPKI.service.Logging [https-jsse-nio-8443-exec-5] ID_GET_KS
2019-06-28 10:30:30,794 INFO com.xmlbesp.MegaTravelPKI.service.Logging [https-jsse-nio-8443-exec-5] ID_GET_KS_SUCCESS
2019-06-28 10:30:30,795 INFO com.xmlbesp.MegaTravelPKI.service.Logging [https-jsse-nio-8443-exec-5] SD_GEN
2019-06-28 10:30:30,795 INFO com.xmlbesp.MegaTravelPKI.service.Logging [https-jsse-nio-8443-exec-5] KP_GEN
2019-06-28 10:30:30,796 INFO com.xmlbesp.MegaTravelPKI.service.Logging [https-jsse-nio-8443-exec-5] KP_GEN_SUCCESS
2019-06-28 10:30:31,745 INFO com.xmlbesp.MegaTravelPKI.service.Logging [https-jsse-nio-8443-exec-5] SD_GEN_SUCCESS
2019-06-28 10:30:31,860 INFO com.xmlbesp.MegaTravelPKI.service.Logging [https-jsse-nio-8443-exec-5] IS_GEN_SUCCESS
2019-06-28 10:31:01,787 INFO com.xmlbesp.MegaTravelPKI.service.Logging [https-jsse-nio-8443-exec-6] IS_GEN
2019-06-28 10:31:01,795 INFO com.xmlbesp.MegaTravelPKI.service.Logging [https-jsse-nio-8443-exec-6] ID_GET_KS
2019-06-28 10:31:01,796 INFO com.xmlbesp.MegaTravelPKI.service.Logging [https-jsse-nio-8443-exec-6] ID_GET_KS_SUCCESS
2019-06-28 10:31:01,798 INFO com.xmlbesp.MegaTravelPKI.service.Logging [https-jsse-nio-8443-exec-6] SD_GEN
2019-06-28 10:31:01,798 INFO com.xmlbesp.MegaTravelPKI.service.Logging [https-jsse-nio-8443-exec-6] KP_GEN
2019-06-28 10:31:01,799 INFO com.xmlbesp.MegaTravelPKI.service.Logging [https-jsse-nio-8443-exec-6] KP_GEN_SUCCESS
2019-06-28 10:31:03,423 INFO com.xmlbesp.MegaTravelPKI.service.Logging [https-jsse-nio-8443-exec-6] SD_GEN_SUCCESS
2019-06-28 10:31:03,447 INFO com.xmlbesp.MegaTravelPKI.service.Logging [https-jsse-nio-8443-exec-6] IS_GEN_SUCCESS
2019-06-28 10:31:34,472 INFO com.xmlbesp.MegaTravelPKI.service.Logging [https-jsse-nio-8443-exec-7] IS_GEN
2019-06-28 10:31:34,480 INFO com.xmlbesp.MegaTravelPKI.service.Logging [https-jsse-nio-8443-exec-7] ID_GET_KS
2019-06-28 10:31:34,481 INFO com.xmlbesp.MegaTravelPKI.service.Logging [https-jsse-nio-8443-exec-7] ID_GET_KS_SUCCESS
2019-06-28 10:31:34,482 INFO com.xmlbesp.MegaTravelPKI.service.Logging [https-jsse-nio-8443-exec-7] SD_GEN
2019-06-28 10:31:34,482 INFO com.xmlbesp.MegaTravelPKI.service.Logging [https-jsse-nio-8443-exec-7] KP_GEN
2019-06-28 10:31:34,483 INFO com.xmlbesp.MegaTravelPKI.service.Logging [https-jsse-nio-8443-exec-7] KP_GEN_SUCCESS
2019-06-28 10:31:34,911 INFO com.xmlbesp.MegaTravelPKI.service.Logging [https-jsse-nio-8443-exec-7] SD_GEN_SUCCESS
2019-06-28 10:31:34,936 INFO com.xmlbesp.MegaTravelPKI.service.Logging [https-jsse-nio-8443-exec-7] IS_GEN_SUCCESS
2019-06-28 13:22:00,481 INFO org.springframework.boot.StartupInfoLogger [main] Starting MegaTravelPkiApplication on Milan with PID 6960 (C:\Users\lazic\Documents\GitHub\BSEP_XML\backend\MegaTravelPKI\target\classes started by Milan in C:\Users\lazic\Documents\GitHub\BSEP_XML\backend\MegaTravelPKI)
2019-06-28 13:22:00,481 DEBUG org.springframework.boot.StartupInfoLogger [main] Running with Spring Boot v2.1.3.RELEASE, Spring v5.1.5.RELEASE
2019-06-28 13:22:00,481 INFO org.springframework.boot.SpringApplication [main] No active profile set, falling back to default profiles: default
2019-06-28 13:22:01,497 DEBUG org.springframework.boot.web.servlet.server.DocumentRoot [main] Code archive: C:\Users\lazic\.m2\repository\org\springframework\boot\spring-boot\2.1.3.RELEASE\spring-boot-2.1.3.RELEASE.jar
2019-06-28 13:22:01,497 DEBUG org.springframework.boot.web.servlet.server.DocumentRoot [main] Code archive: C:\Users\lazic\.m2\repository\org\springframework\boot\spring-boot\2.1.3.RELEASE\spring-boot-2.1.3.RELEASE.jar
2019-06-28 13:22:01,497 DEBUG org.springframework.boot.web.servlet.server.DocumentRoot [main] None of the document roots [src/main/webapp, public, static] point to a directory and will be ignored.
2019-06-28 13:22:01,653 DEBUG org.springframework.web.filter.GenericFilterBean [main] Filter 'CORS Filter' configured for use
2019-06-28 13:22:02,866 INFO com.xmlbesp.MegaTravelPKI.service.Logging [main] KS_INIT
2019-06-28 13:22:02,868 INFO com.xmlbesp.MegaTravelPKI.service.Logging [main] KS_INIT_EXISTING
2019-06-28 13:22:02,948 INFO com.xmlbesp.MegaTravelPKI.service.Logging [main] KS_INIT_SUCCESS.
2019-06-28 13:22:20,397 INFO org.springframework.boot.StartupInfoLogger [main] Starting MegaTravelPkiApplication on Milan with PID 17892 (C:\Users\lazic\Documents\GitHub\BSEP_XML\backend\MegaTravelPKI\target\classes started by Milan in C:\Users\lazic\Documents\GitHub\BSEP_XML\backend\MegaTravelPKI)
2019-06-28 13:22:20,397 DEBUG org.springframework.boot.StartupInfoLogger [main] Running with Spring Boot v2.1.3.RELEASE, Spring v5.1.5.RELEASE
2019-06-28 13:22:20,397 INFO org.springframework.boot.SpringApplication [main] No active profile set, falling back to default profiles: default
2019-06-28 13:22:21,310 DEBUG org.springframework.boot.web.servlet.server.DocumentRoot [main] Code archive: C:\Users\lazic\.m2\repository\org\springframework\boot\spring-boot\2.1.3.RELEASE\spring-boot-2.1.3.RELEASE.jar
2019-06-28 13:22:21,310 DEBUG org.springframework.boot.web.servlet.server.DocumentRoot [main] Code archive: C:\Users\lazic\.m2\repository\org\springframework\boot\spring-boot\2.1.3.RELEASE\spring-boot-2.1.3.RELEASE.jar
2019-06-28 13:22:21,310 DEBUG org.springframework.boot.web.servlet.server.DocumentRoot [main] None of the document roots [src/main/webapp, public, static] point to a directory and will be ignored.
2019-06-28 13:22:21,451 DEBUG org.springframework.web.filter.GenericFilterBean [main] Filter 'CORS Filter' configured for use
2019-06-28 13:22:22,687 INFO com.xmlbesp.MegaTravelPKI.service.Logging [main] KS_INIT
2019-06-28 13:22:22,687 INFO com.xmlbesp.MegaTravelPKI.service.Logging [main] KS_INIT_EXISTING
2019-06-28 13:22:22,767 INFO com.xmlbesp.MegaTravelPKI.service.Logging [main] KS_INIT_SUCCESS.
2019-06-28 13:23:31,059 INFO org.springframework.boot.StartupInfoLogger [main] Starting MegaTravelPkiApplication on Milan with PID 17332 (C:\Users\lazic\Documents\GitHub\BSEP_XML\backend\MegaTravelPKI\target\classes started by Milan in C:\Users\lazic\Documents\GitHub\BSEP_XML\backend\MegaTravelPKI)
2019-06-28 13:23:31,059 DEBUG org.springframework.boot.StartupInfoLogger [main] Running with Spring Boot v2.1.3.RELEASE, Spring v5.1.5.RELEASE
2019-06-28 13:23:31,059 INFO org.springframework.boot.SpringApplication [main] No active profile set, falling back to default profiles: default
2019-06-28 13:23:31,953 DEBUG org.springframework.boot.web.servlet.server.DocumentRoot [main] Code archive: C:\Users\lazic\.m2\repository\org\springframework\boot\spring-boot\2.1.3.RELEASE\spring-boot-2.1.3.RELEASE.jar
2019-06-28 13:23:31,953 DEBUG org.springframework.boot.web.servlet.server.DocumentRoot [main] Code archive: C:\Users\lazic\.m2\repository\org\springframework\boot\spring-boot\2.1.3.RELEASE\spring-boot-2.1.3.RELEASE.jar
2019-06-28 13:23:31,953 DEBUG org.springframework.boot.web.servlet.server.DocumentRoot [main] None of the document roots [src/main/webapp, public, static] point to a directory and will be ignored.
2019-06-28 13:23:32,109 DEBUG org.springframework.web.filter.GenericFilterBean [main] Filter 'CORS Filter' configured for use
2019-06-28 13:23:33,316 INFO com.xmlbesp.MegaTravelPKI.service.Logging [main] KS_INIT
2019-06-28 13:23:33,316 INFO com.xmlbesp.MegaTravelPKI.service.Logging [main] KS_INIT_EXISTING
2019-06-28 13:23:33,380 INFO com.xmlbesp.MegaTravelPKI.service.Logging [main] KS_INIT_SUCCESS.
2019-06-28 13:23:33,828 INFO org.springframework.boot.StartupInfoLogger [main] Started MegaTravelPkiApplication in 3.073 seconds (JVM running for 3.6)
2019-06-28 13:43:53,122 INFO com.xmlbesp.MegaTravelPKI.service.Logging [https-jsse-nio-8446-exec-5] IS_GEN
2019-06-28 13:43:53,201 INFO com.xmlbesp.MegaTravelPKI.service.Logging [https-jsse-nio-8446-exec-5] ID_GET_KS
2019-06-28 13:43:53,222 INFO com.xmlbesp.MegaTravelPKI.service.Logging [https-jsse-nio-8446-exec-5] ID_GET_KS_SUCCESS
2019-06-28 13:43:53,222 INFO com.xmlbesp.MegaTravelPKI.service.Logging [https-jsse-nio-8446-exec-5] SD_GEN
2019-06-28 13:43:53,222 INFO com.xmlbesp.MegaTravelPKI.service.Logging [https-jsse-nio-8446-exec-5] KP_GEN
2019-06-28 13:43:53,222 INFO com.xmlbesp.MegaTravelPKI.service.Logging [https-jsse-nio-8446-exec-5] KP_GEN_SUCCESS
2019-06-28 13:43:53,726 INFO com.xmlbesp.MegaTravelPKI.service.Logging [https-jsse-nio-8446-exec-5] SD_GEN_SUCCESS
2019-06-28 13:43:53,796 INFO com.xmlbesp.MegaTravelPKI.service.Logging [https-jsse-nio-8446-exec-5] IS_GEN_SUCCESS
