2019-06-27 15:57:53,552 ERROR com.xmlbesp.MegaTravelPKI.service.Logging [https-jsse-nio-8443-exec-5] ID_GET_KS_FAIL
2019-06-27 16:06:59,250 ERROR com.xmlbesp.MegaTravelPKI.service.Logging [https-jsse-nio-8443-exec-5] ID_GET_KS_FAIL
2019-06-27 16:08:33,670 ERROR com.xmlbesp.MegaTravelPKI.service.Logging [https-jsse-nio-8443-exec-6] ID_GET_KS_FAIL
2019-06-27 16:11:13,318 ERROR com.xmlbesp.MegaTravelPKI.service.Logging [https-jsse-nio-8443-exec-5] ID_GET_KS_FAIL
2019-06-27 16:12:34,832 ERROR com.xmlbesp.MegaTravelPKI.service.Logging [https-jsse-nio-8443-exec-4] ID_GET_KS_FAIL
2019-06-27 16:13:22,063 ERROR com.xmlbesp.MegaTravelPKI.service.Logging [https-jsse-nio-8443-exec-5] ID_GET_KS_FAIL
2019-06-27 16:14:06,859 ERROR com.xmlbesp.MegaTravelPKI.service.Logging [https-jsse-nio-8443-exec-3] ID_GET_KS_FAIL
2019-06-28 23:15:30,342 ERROR com.xmlbesp.MegaTravelPKI.service.Logging [https-jsse-nio-8446-exec-5] IS_GEN_FAIL
2019-06-28 23:22:34,133 WARN com.xmlbesp.MegaTravelPKI.service.Logging [https-jsse-nio-8446-exec-5] SS_CERT_NOT_EXISTS
2019-06-28 23:25:14,314 ERROR com.xmlbesp.MegaTravelPKI.service.Logging [https-jsse-nio-8446-exec-3] SS_CERT_GET_FAIL
2019-06-28 23:28:41,290 ERROR com.xmlbesp.MegaTravelPKI.service.Logging [https-jsse-nio-8446-exec-5] SS_CERT_GET_FAIL
2019-06-28 23:29:17,869 ERROR com.xmlbesp.MegaTravelPKI.service.Logging [https-jsse-nio-8446-exec-8] SS_CERT_GET_FAIL
2019-06-28 23:29:31,334 ERROR com.xmlbesp.MegaTravelPKI.service.Logging [https-jsse-nio-8446-exec-4] SS_CERT_GET_FAIL
2019-06-28 23:30:20,258 ERROR com.xmlbesp.MegaTravelPKI.service.Logging [https-jsse-nio-8446-exec-10] SS_CERT_GET_FAIL
2019-06-28 23:30:51,874 ERROR com.xmlbesp.MegaTravelPKI.service.Logging [https-jsse-nio-8446-exec-5] SS_CERT_GET_FAIL
2019-06-28 23:31:06,531 ERROR com.xmlbesp.MegaTravelPKI.service.Logging [https-jsse-nio-8446-exec-10] SS_CERT_GET_FAIL
2019-06-28 23:31:40,886 ERROR com.xmlbesp.MegaTravelPKI.service.Logging [https-jsse-nio-8446-exec-5] SS_CERT_GET_FAIL
2019-06-28 23:32:10,417 ERROR com.xmlbesp.MegaTravelPKI.service.Logging [https-jsse-nio-8446-exec-10] SS_CERT_GET_FAIL
2019-06-28 23:32:32,451 ERROR com.xmlbesp.MegaTravelPKI.service.Logging [https-jsse-nio-8446-exec-4] SS_CERT_GET_FAIL
2019-06-28 23:32:53,317 ERROR com.xmlbesp.MegaTravelPKI.service.Logging [https-jsse-nio-8446-exec-8] SS_CERT_GET_FAIL
2019-06-28 23:33:04,510 ERROR com.xmlbesp.MegaTravelPKI.service.Logging [https-jsse-nio-8446-exec-4] SS_CERT_GET_FAIL
2019-06-28 23:33:36,365 ERROR com.xmlbesp.MegaTravelPKI.service.Logging [https-jsse-nio-8446-exec-8] SS_CERT_GET_FAIL
2019-06-28 23:33:48,752 ERROR com.xmlbesp.MegaTravelPKI.service.Logging [https-jsse-nio-8446-exec-4] SS_CERT_GET_FAIL
2019-06-28 23:34:30,675 ERROR com.xmlbesp.MegaTravelPKI.service.Logging [https-jsse-nio-8446-exec-8] SS_CERT_GET_FAIL
2019-06-28 23:34:42,095 ERROR com.xmlbesp.MegaTravelPKI.service.Logging [https-jsse-nio-8446-exec-4] SS_CERT_GET_FAIL
2019-06-28 23:34:51,021 ERROR com.xmlbesp.MegaTravelPKI.service.Logging [https-jsse-nio-8446-exec-8] SS_CERT_GET_FAIL
2019-06-28 23:34:59,147 ERROR com.xmlbesp.MegaTravelPKI.service.Logging [https-jsse-nio-8446-exec-4] SS_CERT_GET_FAIL
2019-06-28 23:35:21,248 ERROR com.xmlbesp.MegaTravelPKI.service.Logging [https-jsse-nio-8446-exec-8] SS_CERT_GET_FAIL
2019-06-28 23:35:42,621 ERROR com.xmlbesp.MegaTravelPKI.service.Logging [https-jsse-nio-8446-exec-4] SS_CERT_GET_FAIL
2019-06-28 23:35:47,192 ERROR com.xmlbesp.MegaTravelPKI.service.Logging [https-jsse-nio-8446-exec-8] SS_CERT_GET_FAIL
2019-06-28 23:35:52,512 ERROR com.xmlbesp.MegaTravelPKI.service.Logging [https-jsse-nio-8446-exec-4] SS_CERT_GET_FAIL
2019-06-28 23:35:57,585 ERROR com.xmlbesp.MegaTravelPKI.service.Logging [https-jsse-nio-8446-exec-8] SS_CERT_GET_FAIL
2019-06-28 23:36:02,803 ERROR com.xmlbesp.MegaTravelPKI.service.Logging [https-jsse-nio-8446-exec-4] SS_CERT_GET_FAIL
2019-06-28 23:36:08,066 ERROR com.xmlbesp.MegaTravelPKI.service.Logging [https-jsse-nio-8446-exec-8] SS_CERT_GET_FAIL
2019-06-28 23:36:17,936 ERROR com.xmlbesp.MegaTravelPKI.service.Logging [https-jsse-nio-8446-exec-4] SS_CERT_GET_FAIL
2019-06-28 23:36:37,844 ERROR com.xmlbesp.MegaTravelPKI.service.Logging [https-jsse-nio-8446-exec-8] SS_CERT_GET_FAIL
2019-06-28 23:36:57,668 ERROR com.xmlbesp.MegaTravelPKI.service.Logging [https-jsse-nio-8446-exec-4] SS_CERT_GET_FAIL
2019-06-28 23:37:02,569 ERROR com.xmlbesp.MegaTravelPKI.service.Logging [https-jsse-nio-8446-exec-8] SS_CERT_GET_FAIL
2019-06-28 23:37:12,936 ERROR com.xmlbesp.MegaTravelPKI.service.Logging [https-jsse-nio-8446-exec-4] SS_CERT_GET_FAIL
2019-06-28 23:37:16,805 ERROR com.xmlbesp.MegaTravelPKI.service.Logging [https-jsse-nio-8446-exec-8] SS_CERT_GET_FAIL
2019-06-28 23:37:25,412 ERROR com.xmlbesp.MegaTravelPKI.service.Logging [https-jsse-nio-8446-exec-4] SS_CERT_GET_FAIL
2019-06-28 23:37:49,556 ERROR com.xmlbesp.MegaTravelPKI.service.Logging [https-jsse-nio-8446-exec-8] SS_CERT_GET_FAIL
2019-06-28 23:37:57,281 ERROR com.xmlbesp.MegaTravelPKI.service.Logging [https-jsse-nio-8446-exec-4] SS_CERT_GET_FAIL
2019-06-28 23:38:24,064 ERROR com.xmlbesp.MegaTravelPKI.service.Logging [https-jsse-nio-8446-exec-8] SS_CERT_GET_FAIL
2019-06-28 23:38:29,400 ERROR com.xmlbesp.MegaTravelPKI.service.Logging [https-jsse-nio-8446-exec-4] SS_CERT_GET_FAIL
2019-06-28 23:38:36,332 ERROR com.xmlbesp.MegaTravelPKI.service.Logging [https-jsse-nio-8446-exec-8] SS_CERT_GET_FAIL
2019-06-28 23:38:45,264 ERROR com.xmlbesp.MegaTravelPKI.service.Logging [https-jsse-nio-8446-exec-4] SS_CERT_GET_FAIL
2019-06-28 23:38:51,262 ERROR com.xmlbesp.MegaTravelPKI.service.Logging [https-jsse-nio-8446-exec-8] SS_CERT_GET_FAIL
2019-06-28 23:39:09,932 ERROR com.xmlbesp.MegaTravelPKI.service.Logging [https-jsse-nio-8446-exec-4] SS_CERT_GET_FAIL
2019-06-28 23:39:13,196 ERROR com.xmlbesp.MegaTravelPKI.service.Logging [https-jsse-nio-8446-exec-8] SS_CERT_GET_FAIL
2019-06-28 23:39:18,510 ERROR com.xmlbesp.MegaTravelPKI.service.Logging [https-jsse-nio-8446-exec-4] SS_CERT_GET_FAIL
2019-06-28 23:39:24,095 ERROR com.xmlbesp.MegaTravelPKI.service.Logging [https-jsse-nio-8446-exec-8] SS_CERT_GET_FAIL
2019-06-28 23:39:30,656 ERROR com.xmlbesp.MegaTravelPKI.service.Logging [https-jsse-nio-8446-exec-4] SS_CERT_GET_FAIL
2019-06-28 23:39:38,286 ERROR com.xmlbesp.MegaTravelPKI.service.Logging [https-jsse-nio-8446-exec-8] SS_CERT_GET_FAIL
2019-06-28 23:39:51,165 ERROR com.xmlbesp.MegaTravelPKI.service.Logging [https-jsse-nio-8446-exec-4] SS_CERT_GET_FAIL
2019-06-28 23:39:55,799 ERROR com.xmlbesp.MegaTravelPKI.service.Logging [https-jsse-nio-8446-exec-8] SS_CERT_GET_FAIL
2019-06-28 23:40:13,538 ERROR com.xmlbesp.MegaTravelPKI.service.Logging [https-jsse-nio-8446-exec-4] SS_CERT_GET_FAIL
2019-06-28 23:41:43,062 ERROR com.xmlbesp.MegaTravelPKI.service.Logging [https-jsse-nio-8446-exec-8] SS_CERT_GET_FAIL
2019-06-28 23:42:15,192 ERROR com.xmlbesp.MegaTravelPKI.service.Logging [https-jsse-nio-8446-exec-4] SS_CERT_GET_FAIL
2019-06-28 23:49:30,653 ERROR com.xmlbesp.MegaTravelPKI.service.Logging [https-jsse-nio-8446-exec-8] SS_CERT_GET_FAIL
2019-06-28 23:50:12,423 ERROR com.xmlbesp.MegaTravelPKI.service.Logging [https-jsse-nio-8446-exec-4] SS_CERT_GET_FAIL
2019-06-28 23:50:24,289 ERROR com.xmlbesp.MegaTravelPKI.service.Logging [https-jsse-nio-8446-exec-8] SS_CERT_GET_FAIL
2019-06-28 23:50:35,184 ERROR com.xmlbesp.MegaTravelPKI.service.Logging [https-jsse-nio-8446-exec-4] SS_CERT_GET_FAIL
2019-06-28 23:50:40,635 ERROR com.xmlbesp.MegaTravelPKI.service.Logging [https-jsse-nio-8446-exec-8] SS_CERT_GET_FAIL
2019-06-28 23:51:21,969 ERROR com.xmlbesp.MegaTravelPKI.service.Logging [https-jsse-nio-8446-exec-4] SS_CERT_GET_FAIL
2019-06-28 23:51:41,176 ERROR com.xmlbesp.MegaTravelPKI.service.Logging [https-jsse-nio-8446-exec-8] SS_CERT_GET_FAIL
2019-06-28 23:51:42,825 ERROR com.xmlbesp.MegaTravelPKI.service.Logging [https-jsse-nio-8446-exec-4] SS_CERT_GET_FAIL
2019-06-28 23:51:48,775 ERROR com.xmlbesp.MegaTravelPKI.service.Logging [https-jsse-nio-8446-exec-8] SS_CERT_GET_FAIL
2019-06-28 23:51:55,867 ERROR com.xmlbesp.MegaTravelPKI.service.Logging [https-jsse-nio-8446-exec-4] SS_CERT_GET_FAIL
2019-06-28 23:52:05,348 ERROR com.xmlbesp.MegaTravelPKI.service.Logging [https-jsse-nio-8446-exec-8] SS_CERT_GET_FAIL
2019-06-28 23:52:12,534 ERROR com.xmlbesp.MegaTravelPKI.service.Logging [https-jsse-nio-8446-exec-4] SS_CERT_GET_FAIL
2019-06-28 23:55:53,689 ERROR com.xmlbesp.MegaTravelPKI.service.Logging [https-jsse-nio-8446-exec-8] SS_CERT_GET_FAIL
2019-06-28 23:56:29,031 ERROR com.xmlbesp.MegaTravelPKI.service.Logging [https-jsse-nio-8446-exec-4] SS_CERT_GET_FAIL
2019-06-28 23:57:17,665 ERROR com.xmlbesp.MegaTravelPKI.service.Logging [https-jsse-nio-8446-exec-8] SS_CERT_GET_FAIL
2019-06-28 23:58:04,570 ERROR com.xmlbesp.MegaTravelPKI.service.Logging [https-jsse-nio-8446-exec-4] SS_CERT_GET_FAIL
2019-06-28 23:58:25,505 ERROR com.xmlbesp.MegaTravelPKI.service.Logging [https-jsse-nio-8446-exec-8] SS_CERT_GET_FAIL
2019-06-28 23:58:36,763 ERROR com.xmlbesp.MegaTravelPKI.service.Logging [https-jsse-nio-8446-exec-4] SS_CERT_GET_FAIL
2019-06-28 23:58:53,042 ERROR com.xmlbesp.MegaTravelPKI.service.Logging [https-jsse-nio-8446-exec-8] SS_CERT_GET_FAIL
2019-06-28 23:59:05,705 ERROR com.xmlbesp.MegaTravelPKI.service.Logging [https-jsse-nio-8446-exec-4] SS_CERT_GET_FAIL
2019-06-28 23:59:40,555 ERROR com.xmlbesp.MegaTravelPKI.service.Logging [https-jsse-nio-8446-exec-8] SS_CERT_GET_FAIL
2019-06-28 23:59:45,046 ERROR com.xmlbesp.MegaTravelPKI.service.Logging [https-jsse-nio-8446-exec-4] SS_CERT_GET_FAIL
2019-06-28 23:59:52,397 ERROR com.xmlbesp.MegaTravelPKI.service.Logging [https-jsse-nio-8446-exec-8] SS_CERT_GET_FAIL
2019-06-28 23:59:57,951 ERROR com.xmlbesp.MegaTravelPKI.service.Logging [https-jsse-nio-8446-exec-4] SS_CERT_GET_FAIL
2019-06-29 00:01:49,665 ERROR com.xmlbesp.MegaTravelPKI.service.Logging [https-jsse-nio-8446-exec-8] SS_CERT_GET_FAIL
2019-06-29 00:04:23,244 ERROR com.xmlbesp.MegaTravelPKI.service.Logging [https-jsse-nio-8446-exec-4] SS_CERT_GET_FAIL
2019-06-29 00:05:37,881 ERROR com.xmlbesp.MegaTravelPKI.service.Logging [https-jsse-nio-8446-exec-8] SS_CERT_GET_FAIL
2019-06-29 00:06:07,613 ERROR com.xmlbesp.MegaTravelPKI.service.Logging [https-jsse-nio-8446-exec-4] SS_CERT_GET_FAIL
2019-06-29 00:06:10,457 ERROR com.xmlbesp.MegaTravelPKI.service.Logging [https-jsse-nio-8446-exec-8] SS_CERT_GET_FAIL
2019-06-29 00:06:25,593 ERROR com.xmlbesp.MegaTravelPKI.service.Logging [https-jsse-nio-8446-exec-4] SS_CERT_GET_FAIL
2019-06-29 00:06:32,467 ERROR com.xmlbesp.MegaTravelPKI.service.Logging [https-jsse-nio-8446-exec-8] SS_CERT_GET_FAIL
2019-06-29 00:06:40,981 ERROR com.xmlbesp.MegaTravelPKI.service.Logging [https-jsse-nio-8446-exec-4] SS_CERT_GET_FAIL
2019-06-29 00:06:54,788 ERROR com.xmlbesp.MegaTravelPKI.service.Logging [https-jsse-nio-8446-exec-8] SS_CERT_GET_FAIL
2019-06-29 00:07:47,175 ERROR com.xmlbesp.MegaTravelPKI.service.Logging [https-jsse-nio-8446-exec-4] SS_CERT_GET_FAIL
2019-06-29 00:08:03,821 ERROR com.xmlbesp.MegaTravelPKI.service.Logging [https-jsse-nio-8446-exec-8] SS_CERT_GET_FAIL
2019-06-29 00:08:15,678 ERROR com.xmlbesp.MegaTravelPKI.service.Logging [https-jsse-nio-8446-exec-4] SS_CERT_GET_FAIL
2019-06-29 00:08:21,829 ERROR com.xmlbesp.MegaTravelPKI.service.Logging [https-jsse-nio-8446-exec-8] SS_CERT_GET_FAIL
2019-06-29 00:08:43,136 ERROR com.xmlbesp.MegaTravelPKI.service.Logging [https-jsse-nio-8446-exec-4] SS_CERT_GET_FAIL
2019-06-29 00:08:49,397 ERROR com.xmlbesp.MegaTravelPKI.service.Logging [https-jsse-nio-8446-exec-8] SS_CERT_GET_FAIL
2019-06-29 00:09:04,451 ERROR com.xmlbesp.MegaTravelPKI.service.Logging [https-jsse-nio-8446-exec-4] SS_CERT_GET_FAIL
2019-06-29 00:09:22,381 ERROR com.xmlbesp.MegaTravelPKI.service.Logging [https-jsse-nio-8446-exec-8] SS_CERT_GET_FAIL
2019-06-29 00:09:28,616 ERROR com.xmlbesp.MegaTravelPKI.service.Logging [https-jsse-nio-8446-exec-4] SS_CERT_GET_FAIL
2019-06-29 00:09:33,461 ERROR com.xmlbesp.MegaTravelPKI.service.Logging [https-jsse-nio-8446-exec-8] SS_CERT_GET_FAIL
2019-06-29 00:09:36,731 ERROR com.xmlbesp.MegaTravelPKI.service.Logging [https-jsse-nio-8446-exec-4] SS_CERT_GET_FAIL
2019-06-29 00:09:43,109 ERROR com.xmlbesp.MegaTravelPKI.service.Logging [https-jsse-nio-8446-exec-8] SS_CERT_GET_FAIL
2019-06-29 00:10:24,246 ERROR com.xmlbesp.MegaTravelPKI.service.Logging [https-jsse-nio-8446-exec-4] SS_CERT_GET_FAIL
2019-06-29 00:10:50,200 ERROR com.xmlbesp.MegaTravelPKI.service.Logging [https-jsse-nio-8446-exec-8] SS_CERT_GET_FAIL
2019-06-29 00:11:03,061 ERROR com.xmlbesp.MegaTravelPKI.service.Logging [https-jsse-nio-8446-exec-4] SS_CERT_GET_FAIL
2019-06-29 00:11:19,168 ERROR com.xmlbesp.MegaTravelPKI.service.Logging [https-jsse-nio-8446-exec-8] SS_CERT_GET_FAIL
2019-06-29 00:12:53,016 ERROR com.xmlbesp.MegaTravelPKI.service.Logging [https-jsse-nio-8446-exec-4] SS_CERT_GET_FAIL
2019-06-29 00:13:26,051 ERROR com.xmlbesp.MegaTravelPKI.service.Logging [https-jsse-nio-8446-exec-8] SS_CERT_GET_FAIL
2019-06-29 00:16:51,835 ERROR com.xmlbesp.MegaTravelPKI.service.Logging [https-jsse-nio-8446-exec-4] SS_CERT_GET_FAIL
2019-06-29 00:16:59,429 ERROR com.xmlbesp.MegaTravelPKI.service.Logging [https-jsse-nio-8446-exec-8] SS_CERT_GET_FAIL
2019-06-29 00:18:10,331 ERROR com.xmlbesp.MegaTravelPKI.service.Logging [https-jsse-nio-8446-exec-4] SS_CERT_GET_FAIL
2019-06-29 00:20:23,245 ERROR com.xmlbesp.MegaTravelPKI.service.Logging [https-jsse-nio-8446-exec-4] SS_CERT_GET_FAIL
2019-06-29 00:22:48,873 ERROR com.xmlbesp.MegaTravelPKI.service.Logging [https-jsse-nio-8446-exec-4] SS_CERT_GET_FAIL
2019-06-29 00:30:31,757 ERROR com.xmlbesp.MegaTravelPKI.service.Logging [https-jsse-nio-8446-exec-4] SS_CERT_GET_FAIL
2019-06-29 00:33:15,537 ERROR com.xmlbesp.MegaTravelPKI.service.Logging [https-jsse-nio-8446-exec-5] SS_CERT_GET_FAIL
2019-06-29 00:40:58,308 ERROR com.xmlbesp.MegaTravelPKI.service.Logging [https-jsse-nio-8446-exec-4] SS_CERT_GET_FAIL
2019-06-29 00:44:33,783 ERROR com.xmlbesp.MegaTravelPKI.service.Logging [https-jsse-nio-8446-exec-2] SS_CERT_GET_FAIL
2019-06-29 00:45:13,525 WARN com.xmlbesp.MegaTravelPKI.service.Logging [https-jsse-nio-8446-exec-8] SS_CERT_NOT_EXISTS
2019-06-29 01:52:31,965 ERROR com.xmlbesp.MegaTravelPKI.service.Logging [https-jsse-nio-8446-exec-4] SS_CERT_GET_FAIL
2019-06-29 01:53:05,333 WARN com.xmlbesp.MegaTravelPKI.service.Logging [https-jsse-nio-8446-exec-8] SS_CERT_NOT_EXISTS
2019-06-29 02:48:18,031 ERROR com.xmlbesp.MegaTravelPKI.service.Logging [https-jsse-nio-8446-exec-4] SS_CERT_GET_FAIL
2019-06-29 02:48:42,868 WARN com.xmlbesp.MegaTravelPKI.service.Logging [https-jsse-nio-8446-exec-8] SS_CERT_NOT_EXISTS
2019-06-29 02:55:31,097 ERROR com.xmlbesp.MegaTravelPKI.service.Logging [https-jsse-nio-8446-exec-2] SS_CERT_GET_FAIL
2019-06-29 02:55:37,365 ERROR com.xmlbesp.MegaTravelPKI.service.Logging [https-jsse-nio-8446-exec-5] SS_CERT_GET_FAIL
2019-06-29 02:56:13,054 WARN com.xmlbesp.MegaTravelPKI.service.Logging [https-jsse-nio-8446-exec-1] SS_CERT_NOT_EXISTS
2019-06-29 02:58:15,782 WARN com.xmlbesp.MegaTravelPKI.service.Logging [https-jsse-nio-8446-exec-1] CERT_VAL_REVOKED
2019-06-29 02:59:12,794 WARN com.xmlbesp.MegaTravelPKI.service.Logging [https-jsse-nio-8446-exec-3] CERT_VAL_REVOKED
2019-06-29 02:59:17,055 WARN com.xmlbesp.MegaTravelPKI.service.Logging [https-jsse-nio-8446-exec-5] CERT_VAL_REVOKED
2019-06-29 02:59:21,789 WARN com.xmlbesp.MegaTravelPKI.service.Logging [https-jsse-nio-8446-exec-3] CERT_VAL_REVOKED
2019-06-29 03:03:35,557 ERROR com.xmlbesp.MegaTravelPKI.service.Logging [https-jsse-nio-8446-exec-1] SS_CERT_GET_FAIL
2019-06-29 03:03:41,879 ERROR com.xmlbesp.MegaTravelPKI.service.Logging [https-jsse-nio-8446-exec-9] SS_CERT_GET_FAIL
2019-06-29 03:04:08,860 WARN com.xmlbesp.MegaTravelPKI.service.Logging [https-jsse-nio-8446-exec-2] SS_CERT_NOT_EXISTS
2019-06-29 03:05:09,372 WARN com.xmlbesp.MegaTravelPKI.service.Logging [https-jsse-nio-8446-exec-4] CERT_VAL_REVOKED
2019-06-29 03:07:14,023 ERROR com.xmlbesp.MegaTravelPKI.service.Logging [https-jsse-nio-8446-exec-2] SS_CERT_GET_FAIL
2019-06-29 03:07:14,227 ERROR com.xmlbesp.MegaTravelPKI.service.Logging [https-jsse-nio-8446-exec-8] SS_CERT_GET_FAIL
2019-06-29 03:07:29,868 WARN com.xmlbesp.MegaTravelPKI.service.Logging [https-jsse-nio-8446-exec-10] SS_CERT_NOT_EXISTS
2019-06-29 03:15:24,518 WARN com.xmlbesp.MegaTravelPKI.service.Logging [https-jsse-nio-8446-exec-4] SS_CERT_NOT_EXISTS
2019-06-29 04:09:55,343 ERROR com.xmlbesp.MegaTravelPKI.service.Logging [https-jsse-nio-8446-exec-10] SS_CERT_GET_FAIL
2019-06-29 04:09:55,506 ERROR com.xmlbesp.MegaTravelPKI.service.Logging [https-jsse-nio-8446-exec-8] SS_CERT_GET_FAIL
2019-06-29 04:10:21,599 WARN com.xmlbesp.MegaTravelPKI.service.Logging [https-jsse-nio-8446-exec-1] SS_CERT_NOT_EXISTS
2019-06-29 04:15:02,528 ERROR com.xmlbesp.MegaTravelPKI.service.Logging [https-jsse-nio-8446-exec-6] SS_CERT_GET_FAIL
2019-06-29 04:15:41,630 WARN com.xmlbesp.MegaTravelPKI.service.Logging [https-jsse-nio-8446-exec-8] SS_CERT_NOT_EXISTS
2019-06-29 04:21:37,741 ERROR com.xmlbesp.MegaTravelPKI.service.Logging [https-jsse-nio-8446-exec-4] SS_CERT_GET_FAIL
2019-06-29 04:22:01,225 WARN com.xmlbesp.MegaTravelPKI.service.Logging [https-jsse-nio-8446-exec-8] SS_CERT_NOT_EXISTS
2019-06-29 04:35:22,272 ERROR com.xmlbesp.MegaTravelPKI.service.Logging [https-jsse-nio-8446-exec-7] SS_CERT_GET_FAIL
2019-06-29 04:35:22,382 ERROR com.xmlbesp.MegaTravelPKI.service.Logging [https-jsse-nio-8446-exec-5] SS_CERT_GET_FAIL
2019-06-29 04:44:01,170 ERROR com.xmlbesp.MegaTravelPKI.service.Logging [https-jsse-nio-8446-exec-9] SS_CERT_GET_FAIL
2019-06-29 04:46:40,121 ERROR com.xmlbesp.MegaTravelPKI.service.Logging [https-jsse-nio-8446-exec-5] SS_CERT_GET_FAIL
2019-06-29 04:46:58,895 ERROR com.xmlbesp.MegaTravelPKI.service.Logging [https-jsse-nio-8446-exec-9] SS_CERT_GET_FAIL
2019-06-29 04:47:03,900 ERROR com.xmlbesp.MegaTravelPKI.service.Logging [https-jsse-nio-8446-exec-5] SS_CERT_GET_FAIL
2019-06-29 05:07:02,342 ERROR com.xmlbesp.MegaTravelPKI.service.Logging [https-jsse-nio-8446-exec-9] SS_CERT_GET_FAIL
2019-06-29 05:07:19,375 WARN com.xmlbesp.MegaTravelPKI.service.Logging [https-jsse-nio-8446-exec-5] SS_CERT_NOT_EXISTS
2019-06-29 05:19:01,830 ERROR com.xmlbesp.MegaTravelPKI.service.Logging [https-jsse-nio-8446-exec-4] SS_CERT_GET_FAIL
2019-06-29 05:19:09,620 WARN com.xmlbesp.MegaTravelPKI.service.Logging [https-jsse-nio-8446-exec-6] SS_CERT_NOT_EXISTS
2019-06-29 05:35:03,527 ERROR com.xmlbesp.MegaTravelPKI.service.Logging [https-jsse-nio-8446-exec-4] SS_CERT_GET_FAIL
2019-06-29 05:35:27,313 WARN com.xmlbesp.MegaTravelPKI.service.Logging [https-jsse-nio-8446-exec-8] SS_CERT_NOT_EXISTS
2019-06-29 12:00:59,858 ERROR com.xmlbesp.MegaTravelPKI.service.Logging [https-jsse-nio-8446-exec-2] SS_CERT_GET_FAIL
2019-06-29 12:01:25,412 WARN com.xmlbesp.MegaTravelPKI.service.Logging [https-jsse-nio-8446-exec-9] SS_CERT_NOT_EXISTS
2019-06-29 12:27:52,433 ERROR com.xmlbesp.MegaTravelPKI.service.Logging [https-jsse-nio-8446-exec-5] SS_CERT_GET_FAIL
2019-06-29 12:29:19,296 WARN com.xmlbesp.MegaTravelPKI.service.Logging [https-jsse-nio-8446-exec-9] SS_CERT_NOT_EXISTS
2019-06-29 12:45:45,664 ERROR com.xmlbesp.MegaTravelPKI.service.Logging [https-jsse-nio-8446-exec-4] SS_CERT_GET_FAIL
2019-06-29 12:57:10,238 ERROR com.xmlbesp.MegaTravelPKI.service.Logging [https-jsse-nio-8446-exec-8] SS_CERT_GET_FAIL
2019-06-29 12:58:02,145 WARN com.xmlbesp.MegaTravelPKI.service.Logging [https-jsse-nio-8446-exec-2] SS_CERT_NOT_EXISTS
